Log file open, 11/29/23 22:48:26
LogWindows: Failed to load 'aqProf.dll' (GetLastError=126)
LogWindows: File 'aqProf.dll' does not exist
LogWindows: Failed to load 'VSPerf140.dll' (GetLastError=126)
LogWindows: File 'VSPerf140.dll' does not exist
LogWindows: Failed to load 'VtuneApi.dll' (GetLastError=126)
LogWindows: File 'VtuneApi.dll' does not exist
LogWindows: Failed to load 'VtuneApi32e.dll' (GetLastError=126)
LogWindows: File 'VtuneApi32e.dll' does not exist
LogPlatformFile: Not using cached read wrapper
LogInit: Display: RandInit(-1585071122) SRandInit(-1585071122).
LogTaskGraph: Started task graph with 4 named threads and 11 total threads with 1 sets of task threads.
LogInit: Build: ++UE4+Release-4.18-CL-3832480
LogInit: Engine Version: 4.18.3-3832480+++UE4+Release-4.18
LogInit: Compatible Engine Version: 4.18.0-3709383+++UE4+Release-4.18
LogInit: Net CL: 3709383
LogDevObjectVersion: Number of dev versions registered: 16
LogDevObjectVersion:   Dev-Blueprints (B0D832E4-1F89-4F0D-ACCF-7EB736FD4AA2): 10
LogDevObjectVersion:   Dev-Build (E1C64328-A22C-4D53-A36C-8E866417BD8C): 0
LogDevObjectVersion:   Dev-Core (375EC13C-06E4-48FB-B500-84F0262A717E): 2
LogDevObjectVersion:   Dev-Editor (E4B068ED-F494-42E9-A231-DA0B2E46BB41): 20
LogDevObjectVersion:   Dev-Framework (CFFC743F-43B0-4480-9391-14DF171D2073): 30
LogDevObjectVersion:   Dev-Mobile (B02B49B5-BB20-44E9-A304-32B752E40360): 0
LogDevObjectVersion:   Dev-Networking (A4E4105C-59A1-49B5-A7C5-40C4547EDFEE): 0
LogDevObjectVersion:   Dev-Online (39C831C9-5AE6-47DC-9A44-9C173E1C8E7C): 0
LogDevObjectVersion:   Dev-Physics (78F01B33-EBEA-4F98-B9B4-84EACCB95AA2): 0
LogDevObjectVersion:   Dev-Platform (6631380F-2D4D-43E0-8009-CF276956A95A): 0
LogDevObjectVersion:   Dev-Rendering (12F88B9F-8875-4AFC-A67C-D90C383ABD29): 20
LogDevObjectVersion:   Dev-Sequencer (7B5AE74C-D270-4C10-A958-57980B212A5A): 4
LogDevObjectVersion:   Dev-VR (D7296918-1DD6-4BDD-9DE2-64A83CC13884): 0
LogDevObjectVersion:   Dev-LoadTimes (C2A15278-BFE7-4AFE-6C17-90FF531DF755): 1
LogDevObjectVersion:   Private-Geometry (6EACA3D4-40EC-4CC1-B786-8BED09428FC5): 1
LogDevObjectVersion:   Dev-AnimPhys (29E575DD-E0A3-4627-9D10-D276232CDCEA): 12
LogInit: Compiled (64-bit): Jan 12 2018 06:13:43
LogInit: Compiled with Visual C++: 19.00.24215.01
LogInit: Build Configuration: Development
LogInit: Branch Name: ++UE4+Release-4.18
LogInit: Command line: C:\Users\d1m1t\Downloads\Output\Exports.pak -create=filelist.txt -compress
LogInit: Base directory: C:/Users/d1m1t/Downloads/Engine/Binaries/Win64/
LogInit: Installed Engine Build: 0
LogInit: Computer: DESKTOP-LLSF97H
LogInit: User: d1m1t
LogInit: CPU Page size=4096, Cores=8
LogInit: High frequency timer resolution =10.000000 MHz
LogMemory: Memory total: Physical=15.4GB (16GB approx)
LogMemory: Platform Memory Stats for Windows
LogMemory: Process Physical Memory: 17.21 MB used, 17.21 MB peak
LogMemory: Process Virtual Memory: 50.14 MB used, 50.14 MB peak
LogMemory: Physical Memory: 6950.84 MB used,  8782.49 MB free, 15733.33 MB total
LogMemory: Virtual Memory: 4297.95 MB used,  8782.49 MB free, 134217728.00 MB total
LogInit: Using OS detected language ().
LogInit: Using OS detected locale ().
LogPaths: Warning: No paths for game localization data were specifed in the game configuration.
LogInit: Warning: No paths for engine localization data were specifed in the engine configuration.
LogTextLocalizationManager: No localization for '' exists, so 'en' will be used for the language.
LogTextLocalizationManager: No localization for '' exists, so 'en' will be used for the locale.
LogPakFile: Display: Loading response file filelist.txt
LogPakFile: Added file Source: C:/Users/d1m1t/Downloads/Output/Exports/*.* Dest: ../../../
LogPakFile: Display: Added 1 entries to add to pak file.
LogPakFile: Display: Collecting files to add to pak file...
LogPakFile: Display: Collected 325 files in 0.01s.
LogPakFile: Added compressed file "Cinematics/Days/Friday/P4_FriIntro.uasset", 54.02% of original size. Compressed Size 356 bytes, Original Size 659 bytes (order 268435456).
LogPakFile: Added compressed file "Cinematics/Days/Friday/P4_FriIntro_MediaPlayer.uasset", 53.54% of original size. Compressed Size 371 bytes, Original Size 693 bytes (order 268435456).
LogPakFile: Added compressed file "Cinematics/Days/Friday/P4_FriIntro_MediaPlayer_Video.uasset", 49.03% of original size. Compressed Size 454 bytes, Original Size 926 bytes (order 268435456).
LogPakFile: Added compressed file "Cinematics/Days/Friday/P4_FriIntro_MediaPlayer_Video_Mat.uasset", 53.95% of original size. Compressed Size 703 bytes, Original Size 1303 bytes (order 268435456).
LogPakFile: Added compressed file "Cinematics/Days/Monday/P4_MonOutro.uasset", 54.32% of original size. Compressed Size 358 bytes, Original Size 659 bytes (order 268435456).
LogPakFile: Added compressed file "Cinematics/Days/Monday/P4_MonOutro_MediaPlayer.uasset", 54.15% of original size. Compressed Size 398 bytes, Original Size 735 bytes (order 268435456).
LogPakFile: Added compressed file "Cinematics/Days/Monday/P4_MonOutro_MediaPlayer_Video.uasset", 49.03% of original size. Compressed Size 454 bytes, Original Size 926 bytes (order 268435456).
LogPakFile: Added compressed file "Cinematics/Days/Monday/P4_MonOutro_MediaPlayer_Video_Mat.uasset", 54.03% of original size. Compressed Size 704 bytes, Original Size 1303 bytes (order 268435456).
LogPakFile: Added compressed file "Cinematics/Days/Thursday/P4_ThuIntro.uasset", 54.31% of original size. Compressed Size 359 bytes, Original Size 661 bytes (order 268435456).
LogPakFile: Added compressed file "Cinematics/Days/Thursday/P4_ThuIntro_MediaPlayer.uasset", 53.67% of original size. Compressed Size 373 bytes, Original Size 695 bytes (order 268435456).
LogPakFile: Added compressed file "Cinematics/Days/Thursday/P4_ThuIntro_MediaPlayer_Video.uasset", 49.03% of original size. Compressed Size 456 bytes, Original Size 930 bytes (order 268435456).
LogPakFile: Added compressed file "Cinematics/Days/Thursday/P4_ThuIntro_MediaPlayer_Video_Mat.uasset", 53.71% of original size. Compressed Size 702 bytes, Original Size 1307 bytes (order 268435456).
LogPakFile: Added compressed file "Cinematics/Days/Thursday/P4_ThuOutro_MediaPlayer.uasset", 54.27% of original size. Compressed Size 400 bytes, Original Size 737 bytes (order 268435456).
LogPakFile: Added compressed file "Cinematics/Days/Thursday/P4_ThuOutro_MediaPlayer_Video.uasset", 49.14% of original size. Compressed Size 457 bytes, Original Size 930 bytes (order 268435456).
LogPakFile: Added compressed file "Cinematics/Days/Thursday/P4_ThuOutro_MediaPlayer_Video_Mat.uasset", 53.94% of original size. Compressed Size 705 bytes, Original Size 1307 bytes (order 268435456).
LogPakFile: Added compressed file "Cinematics/Days/Thursday/P4_ThurOutro.uasset", 54.30% of original size. Compressed Size 360 bytes, Original Size 663 bytes (order 268435456).
LogPakFile: Added compressed file "Cinematics/Days/Tuesday/P4_TueIntro.uasset", 54.39% of original size. Compressed Size 359 bytes, Original Size 660 bytes (order 268435456).
LogPakFile: Added compressed file "Cinematics/Days/Tuesday/P4_TueIntro_MediaPlayer.uasset", 53.31% of original size. Compressed Size 370 bytes, Original Size 694 bytes (order 268435456).
LogPakFile: Added compressed file "Cinematics/Days/Tuesday/P4_TueIntro_MediaPlayer_Video.uasset", 49.03% of original size. Compressed Size 455 bytes, Original Size 928 bytes (order 268435456).
LogPakFile: Added compressed file "Cinematics/Days/Tuesday/P4_TueIntro_MediaPlayer_Video_Mat.uasset", 53.87% of original size. Compressed Size 703 bytes, Original Size 1305 bytes (order 268435456).
LogPakFile: Added compressed file "Cinematics/Days/Tuesday/P4_TueOutro.uasset", 54.24% of original size. Compressed Size 358 bytes, Original Size 660 bytes (order 268435456).
LogPakFile: Added compressed file "Cinematics/Days/Tuesday/P4_TueOutro_MediaPlayer.uasset", 54.21% of original size. Compressed Size 399 bytes, Original Size 736 bytes (order 268435456).
LogPakFile: Added compressed file "Cinematics/Days/Tuesday/P4_TueOutro_MediaPlayer_Video.uasset", 49.03% of original size. Compressed Size 455 bytes, Original Size 928 bytes (order 268435456).
LogPakFile: Added compressed file "Cinematics/Days/Tuesday/P4_TueOutro_MediaPlayer_Video_Mat.uasset", 53.95% of original size. Compressed Size 704 bytes, Original Size 1305 bytes (order 268435456).
LogPakFile: Added compressed file "Cinematics/Days/Wednesday/P4_WedIntro.uasset", 54.23% of original size. Compressed Size 359 bytes, Original Size 662 bytes (order 268435456).
LogPakFile: Added compressed file "Cinematics/Days/Wednesday/P4_WedIntro_MediaPlayer.uasset", 53.59% of original size. Compressed Size 373 bytes, Original Size 696 bytes (order 268435456).
LogPakFile: Added compressed file "Cinematics/Days/Wednesday/P4_WedIntro_MediaPlayer_Video.uasset", 49.14% of original size. Compressed Size 458 bytes, Original Size 932 bytes (order 268435456).
LogPakFile: Added compressed file "Cinematics/Days/Wednesday/P4_WedIntro_MediaPlayer_Video_Mat.uasset", 53.71% of original size. Compressed Size 703 bytes, Original Size 1309 bytes (order 268435456).
LogPakFile: Added compressed file "Cinematics/Days/Wednesday/P4_WedOutro.uasset", 54.38% of original size. Compressed Size 360 bytes, Original Size 662 bytes (order 268435456).
LogPakFile: Added compressed file "Cinematics/Days/Wednesday/P4_WedOutro_MediaPlayer.uasset", 54.34% of original size. Compressed Size 401 bytes, Original Size 738 bytes (order 268435456).
LogPakFile: Added compressed file "Cinematics/Days/Wednesday/P4_WedOutro_MediaPlayer_Video.uasset", 49.14% of original size. Compressed Size 458 bytes, Original Size 932 bytes (order 268435456).
LogPakFile: Added compressed file "Cinematics/Days/Wednesday/P4_WedOutro_MediaPlayer_Video_Mat.uasset", 53.86% of original size. Compressed Size 705 bytes, Original Size 1309 bytes (order 268435456).
LogPakFile: Added compressed file "Cinematics/GameIntro/RWSIntroMovie_Movie.uasset", 53.05% of original size. Compressed Size 357 bytes, Original Size 673 bytes (order 268435456).
LogPakFile: Added compressed file "Cinematics/GameIntro/RWSIntroMoviePlayer.uasset", 54.07% of original size. Compressed Size 392 bytes, Original Size 725 bytes (order 268435456).
LogPakFile: Added compressed file "Cinematics/GameIntro/RWSIntroMoviePlayer_PS4.uasset", 54.30% of original size. Compressed Size 398 bytes, Original Size 733 bytes (order 268435456).
LogPakFile: Added compressed file "Cinematics/GameIntro/RWSIntroMoviePlayer_Video.uasset", 49.45% of original size. Compressed Size 448 bytes, Original Size 906 bytes (order 268435456).
LogPakFile: Added compressed file "Cinematics/GameIntro/RWSIntroMoviePlayer_Video_Mat.uasset", 54.25% of original size. Compressed Size 696 bytes, Original Size 1283 bytes (order 268435456).
LogPakFile: Added compressed file "Cinematics/PlayerIntro/P4Intro.uasset", 53.76% of original size. Compressed Size 350 bytes, Original Size 651 bytes (order 268435456).
LogPakFile: Added compressed file "Cinematics/PlayerIntro/P4IntroPlayer.uasset", 53.99% of original size. Compressed Size 386 bytes, Original Size 715 bytes (order 268435456).
LogPakFile: Added compressed file "Cinematics/PlayerIntro/P4IntroPlayer_Video.uasset", 49.89% of original size. Compressed Size 442 bytes, Original Size 886 bytes (order 268435456).
LogPakFile: Added compressed file "Cinematics/PlayerOutro/P4Outro.uasset", 53.92% of original size. Compressed Size 351 bytes, Original Size 651 bytes (order 268435456).
LogPakFile: Added compressed file "Cinematics/PlayerOutro/P4Outro_MediaPlayer.uasset", 52.26% of original size. Compressed Size 358 bytes, Original Size 685 bytes (order 268435456).
LogPakFile: Added compressed file "Cinematics/PlayerOutro/P4Outro_MediaPlayer_Video.uasset", 48.68% of original size. Compressed Size 443 bytes, Original Size 910 bytes (order 268435456).
LogPakFile: Added compressed file "Cinematics/PlayerOutro/P4Outro_MediaPlayer_Video_Mat.uasset", 54.16% of original size. Compressed Size 697 bytes, Original Size 1287 bytes (order 268435456).
LogPakFile: Added compressed file "Cinematics/PlayerOutroPacifist/P4OutroPacifist.uasset", 53.33% of original size. Compressed Size 360 bytes, Original Size 675 bytes (order 268435456).
LogPakFile: Added compressed file "Cinematics/PlayerOutroPacifist/P4OutroPacifist_MediaPlayer.uasset", 52.05% of original size. Compressed Size 369 bytes, Original Size 709 bytes (order 268435456).
LogPakFile: Added compressed file "Cinematics/PlayerOutroPacifist/P4OutroPacifist_MediaPlayer_Video.uasset", 47.49% of original size. Compressed Size 455 bytes, Original Size 958 bytes (order 268435456).
LogPakFile: Added compressed file "Cinematics/PlayerOutroPacifist/P4OutroPacifist_MediaPlayer_Video_Mat.uasset", 52.73% of original size. Compressed Size 704 bytes, Original Size 1335 bytes (order 268435456).
LogPakFile: Added compressed file "Cinematics/SeveredHand/SeveredHand_MI.uasset", 45.51% of original size. Compressed Size 1176 bytes, Original Size 2584 bytes (order 268435456).
LogPakFile: Added compressed file "Cinematics/SeveredHand/SK_Severed_Hand_02.uasset", 52.72% of original size. Compressed Size 1839 bytes, Original Size 3488 bytes (order 268435456).
LogPakFile: Added compressed file "Cinematics/SeveredHand/SK_Severed_Hand_02_Skeleton.uasset", 54.58% of original size. Compressed Size 662 bytes, Original Size 1213 bytes (order 268435456).
LogPakFile: Added compressed file "Cinematics/SeveredHand/T_SeveredHand_ARM.uasset", 57.48% of original size. Compressed Size 438 bytes, Original Size 762 bytes (order 268435456).
LogPakFile: Added compressed file "Cinematics/SeveredHand/T_SeveredHand_BaseColor.uasset", 57.03% of original size. Compressed Size 422 bytes, Original Size 740 bytes (order 268435456).
LogPakFile: Added compressed file "Cinematics/SeveredHand/T_SeveredHand_N.uasset", 60.04% of original size. Compressed Size 562 bytes, Original Size 936 bytes (order 268435456).
LogPakFile: Added compressed file "Cinematics/SeveredHand/twitch_curled.uasset", 45.61% of original size. Compressed Size 681 bytes, Original Size 1493 bytes (order 268435456).
LogPakFile: Added compressed file "Cinematics/SeveredHand/twitch_middlefinger.uasset", 45.65% of original size. Compressed Size 687 bytes, Original Size 1505 bytes (order 268435456).
LogPakFile: Added compressed file "Cinematics/WarningMovie/WarningMovie.uasset", 53.02% of original size. Compressed Size 351 bytes, Original Size 662 bytes (order 268435456).
LogPakFile: Added compressed file "Cinematics/WarningMovie/WarningMoviePlayer.uasset", 53.99% of original size. Compressed Size 392 bytes, Original Size 726 bytes (order 268435456).
LogPakFile: Added compressed file "Cinematics/WarningMovie/WarningMoviePlayer_Video.uasset", 49.01% of original size. Compressed Size 445 bytes, Original Size 908 bytes (order 268435456).
LogPakFile: Added compressed file "Cinematics/WarningMovie/WarningMoviePlayer_Video_Mat.uasset", 54.24% of original size. Compressed Size 697 bytes, Original Size 1285 bytes (order 268435456).
LogPakFile: Added compressed file "Localization/Game/en/Game.locres", 54.59% of original size. Compressed Size 238369 bytes, Original Size 436659 bytes (order 268435456).
LogPakFile: Added compressed file "Movies/P4_FriIntro.mp4", 99.09% of original size. Compressed Size 148672444 bytes, Original Size 150030882 bytes (order 268435456).
LogPakFile: Added file "Movies/P4_FriIntro_30fps.mp4", 40164566 bytes (order 268435456).
LogPakFile: Added compressed file "Movies/P4_FriOutro.mp4", 99.94% of original size. Compressed Size 160083728 bytes, Original Size 160178220 bytes (order 268435456).
LogPakFile: Added file "Movies/P4_FriOutro_30fps.mp4", 51167080 bytes (order 268435456).
LogPakFile: Added compressed file "Movies/P4_FriOutro_Pacifist.mp4", 99.45% of original size. Compressed Size 176189706 bytes, Original Size 177166394 bytes (order 268435456).
LogPakFile: Added file "Movies/P4_FriOutro_Pacifist_30fps.mp4", 65939047 bytes (order 268435456).
LogPakFile: Added compressed file "Movies/P4_MonOutro.mp4", 99.89% of original size. Compressed Size 90502608 bytes, Original Size 90605832 bytes (order 268435456).
LogPakFile: Added file "Movies/P4_MonOutro_30fps.mp4", 12556892 bytes (order 268435456).
LogPakFile: Added compressed file "Movies/P4_ThurIntro.mp4", 99.79% of original size. Compressed Size 75977050 bytes, Original Size 76139943 bytes (order 268435456).
LogPakFile: Added file "Movies/P4_ThurIntro_30fps.mp4", 12139455 bytes (order 268435456).
LogPakFile: Added compressed file "Movies/P4_ThurOutro.mp4", 99.65% of original size. Compressed Size 106562029 bytes, Original Size 106941119 bytes (order 268435456).
LogPakFile: Added file "Movies/P4_ThurOutro_17fps.mp4", 20117258 bytes (order 268435456).
LogPakFile: Added file "Movies/P4_ThurOutro_30fps.mp4", 22539825 bytes (order 268435456).
LogPakFile: Added compressed file "Movies/P4_TueIntro.mp4", 99.84% of original size. Compressed Size 107917193 bytes, Original Size 108091564 bytes (order 268435456).
LogPakFile: Added file "Movies/P4_TueIntro_30fps.mp4", 19752153 bytes (order 268435456).
LogPakFile: Added compressed file "Movies/P4_TueOutro.mp4", 99.76% of original size. Compressed Size 127986485 bytes, Original Size 128288764 bytes (order 268435456).
LogPakFile: Added file "Movies/P4_TueOutro_30fps.mp4", 19916908 bytes (order 268435456).
LogPakFile: Added compressed file "Movies/P4_WedIntro.mp4", 99.87% of original size. Compressed Size 133062631 bytes, Original Size 133234709 bytes (order 268435456).
LogPakFile: Added file "Movies/P4_WedIntro_30fps.mp4", 33408128 bytes (order 268435456).
LogPakFile: Added compressed file "Movies/P4_WedOutro.mp4", 99.92% of original size. Compressed Size 128129652 bytes, Original Size 128233161 bytes (order 268435456).
LogPakFile: Added file "Movies/P4_WedOutro_30fps.mp4", 20474549 bytes (order 268435456).
LogPakFile: Added compressed file "Movies/P4Intro.mp4", 99.39% of original size. Compressed Size 184641042 bytes, Original Size 185765204 bytes (order 268435456).
LogPakFile: Added file "Movies/P4Intro_30fps.mp4", 43851995 bytes (order 268435456).
LogPakFile: Added compressed file "Movies/Pushka_Intro.mp4", 68.86% of original size. Compressed Size 7763739 bytes, Original Size 11275416 bytes (order 268435456).
LogPakFile: Added file "Movies/Pushka_Intro_30fps.mp4", 3832628 bytes (order 268435456).
LogPakFile: Added compressed file "Movies/RWS Intro.mp4", 92.12% of original size. Compressed Size 10570407 bytes, Original Size 11474548 bytes (order 268435456).
LogPakFile: Added file "Movies/WarningSplash.mp4", 6368940 bytes (order 268435456).
LogPakFile: Added file "Movies/WarningSplash_30fps.mp4", 1603704 bytes (order 268435456).
LogPakFile: Added compressed file "Sound/04_Cinematics/JobAgencyIntro_RickDude/JobAgencyIntro_DialogueONLY_RickDude.wav", 53.75% of original size. Compressed Size 7699053 bytes, Original Size 14323724 bytes (order 268435456).
LogPakFile: Added compressed file "Sound/04_Cinematics/JobAgencyIntro_RickDude/JobAgencyIntro_NODialogue_RickDude.wav", 73.17% of original size. Compressed Size 10480853 bytes, Original Size 14323724 bytes (order 268435456).
LogPakFile: Added compressed file "UI/Fonts/.sfd", 23.89% of original size. Compressed Size 306754 bytes, Original Size 1283851 bytes (order 268435456).
LogPakFile: Added compressed file "UI/Fonts/LocalisedFonts/SplinterLoc.ufont", 45.11% of original size. Compressed Size 89364 bytes, Original Size 198088 bytes (order 268435456).
LogPakFile: Added file "UI/LoadScreens/FastTravelScreen_Full.png", 1547112 bytes (order 268435456).
LogPakFile: Added compressed file "UI/LoadScreens/FastTravelScreen_Full.uasset", 59.41% of original size. Compressed Size 486 bytes, Original Size 818 bytes (order 268435456).
LogPakFile: Added file "UI/LoadScreens/FastTravelStop_Commercial.png", 359018 bytes (order 268435456).
LogPakFile: Added compressed file "UI/LoadScreens/FastTravelStop_Commercial.uasset", 59.93% of original size. Compressed Size 495 bytes, Original Size 826 bytes (order 268435456).
LogPakFile: Added file "UI/LoadScreens/FastTravelStop_Historical.png", 383092 bytes (order 268435456).
LogPakFile: Added compressed file "UI/LoadScreens/FastTravelStop_Historical.uasset", 59.81% of original size. Compressed Size 494 bytes, Original Size 826 bytes (order 268435456).
LogPakFile: Added file "UI/LoadScreens/FastTravelStop_Industrial.png", 335289 bytes (order 268435456).
LogPakFile: Added compressed file "UI/LoadScreens/FastTravelStop_Industrial.uasset", 59.93% of original size. Compressed Size 495 bytes, Original Size 826 bytes (order 268435456).
LogPakFile: Added file "UI/LoadScreens/FastTravelStop_Residential.png", 360923 bytes (order 268435456).
LogPakFile: Added compressed file "UI/LoadScreens/FastTravelStop_Residential.uasset", 59.90% of original size. Compressed Size 496 bytes, Original Size 828 bytes (order 268435456).
LogPakFile: Added file "UI/LoadScreens/loading-PB-BG.png", 1499 bytes (order 268435456).
LogPakFile: Added compressed file "UI/LoadScreens/loading-PB-BG.uasset", 60.68% of original size. Compressed Size 514 bytes, Original Size 847 bytes (order 268435456).
LogPakFile: Added file "UI/LoadScreens/loading-PB-Front.png", 10460 bytes (order 268435456).
LogPakFile: Added compressed file "UI/LoadScreens/loading-PB-Front.uasset", 60.61% of original size. Compressed Size 517 bytes, Original Size 853 bytes (order 268435456).
LogPakFile: Added file "UI/LoadScreens/LoadingScreen.png", 1890357 bytes (order 268435456).
LogPakFile: Added compressed file "UI/LoadScreens/LoadingScreen.uasset", 59.67% of original size. Compressed Size 503 bytes, Original Size 843 bytes (order 268435456).
LogPakFile: Added file "UI/LoadScreens/LoadingScreen_02.png", 2044231 bytes (order 268435456).
LogPakFile: Added compressed file "UI/LoadScreens/LoadingScreen_02.uasset", 59.72% of original size. Compressed Size 507 bytes, Original Size 849 bytes (order 268435456).
LogPakFile: Added compressed file "UI/LoadScreens/LoadingScreen_02_Mat.uasset", 55.40% of original size. Compressed Size 667 bytes, Original Size 1204 bytes (order 268435456).
LogPakFile: Added compressed file "UI/LoadScreens/LoadingScreen_02_Mat_Inst.uasset", 51.14% of original size. Compressed Size 985 bytes, Original Size 1926 bytes (order 268435456).
LogPakFile: Added file "UI/LoadScreens/LoadingScreen_03.png", 1994083 bytes (order 268435456).
LogPakFile: Added compressed file "UI/LoadScreens/LoadingScreen_03.uasset", 59.60% of original size. Compressed Size 506 bytes, Original Size 849 bytes (order 268435456).
LogPakFile: Added compressed file "UI/LoadScreens/LoadingScreen_03_Mat.uasset", 55.40% of original size. Compressed Size 667 bytes, Original Size 1204 bytes (order 268435456).
LogPakFile: Added compressed file "UI/LoadScreens/LoadingScreen_03_Mat_Inst.uasset", 51.09% of original size. Compressed Size 984 bytes, Original Size 1926 bytes (order 268435456).
LogPakFile: Added file "UI/LoadScreens/LoadingScreen_Arrested.png", 2309206 bytes (order 268435456).
LogPakFile: Added compressed file "UI/LoadScreens/LoadingScreen_Arrested.uasset", 59.35% of original size. Compressed Size 511 bytes, Original Size 861 bytes (order 268435456).
LogPakFile: Added file "UI/LoadScreens/LoadingScreen_Friday01.png", 1879588 bytes (order 268435456).
LogPakFile: Added compressed file "UI/LoadScreens/LoadingScreen_Friday01.uasset", 59.70% of original size. Compressed Size 514 bytes, Original Size 861 bytes (order 268435456).
LogPakFile: Added file "UI/LoadScreens/LoadingScreen_Friday02.png", 1979126 bytes (order 268435456).
LogPakFile: Added compressed file "UI/LoadScreens/LoadingScreen_Friday02.uasset", 59.58% of original size. Compressed Size 513 bytes, Original Size 861 bytes (order 268435456).
LogPakFile: Added file "UI/LoadScreens/LoadingScreen_Friday03.png", 1995557 bytes (order 268435456).
LogPakFile: Added compressed file "UI/LoadScreens/LoadingScreen_Friday03.uasset", 59.58% of original size. Compressed Size 513 bytes, Original Size 861 bytes (order 268435456).
LogPakFile: Added compressed file "UI/LoadScreens/LoadingScreen_Friday_Mat1.uasset", 54.65% of original size. Compressed Size 670 bytes, Original Size 1226 bytes (order 268435456).
LogPakFile: Added compressed file "UI/LoadScreens/LoadingScreen_Friday_Mat1_Inst.uasset", 50.72% of original size. Compressed Size 988 bytes, Original Size 1948 bytes (order 268435456).
LogPakFile: Added compressed file "UI/LoadScreens/LoadingScreen_Friday_Mat2.uasset", 54.65% of original size. Compressed Size 670 bytes, Original Size 1226 bytes (order 268435456).
LogPakFile: Added compressed file "UI/LoadScreens/LoadingScreen_Friday_Mat2_Inst.uasset", 50.87% of original size. Compressed Size 991 bytes, Original Size 1948 bytes (order 268435456).
LogPakFile: Added compressed file "UI/LoadScreens/LoadingScreen_Friday_Mat3.uasset", 54.65% of original size. Compressed Size 670 bytes, Original Size 1226 bytes (order 268435456).
LogPakFile: Added compressed file "UI/LoadScreens/LoadingScreen_Friday_Mat3_Inst.uasset", 50.77% of original size. Compressed Size 989 bytes, Original Size 1948 bytes (order 268435456).
LogPakFile: Added compressed file "UI/LoadScreens/LoadingScreen_Mat.uasset", 55.62% of original size. Compressed Size 663 bytes, Original Size 1192 bytes (order 268435456).
LogPakFile: Added compressed file "UI/LoadScreens/LoadingScreen_Mat_Inst.uasset", 51.36% of original size. Compressed Size 983 bytes, Original Size 1914 bytes (order 268435456).
LogPakFile: Added file "UI/LoadScreens/LoadingScreen_New01.png", 1543704 bytes (order 268435456).
LogPakFile: Added compressed file "UI/LoadScreens/LoadingScreen_New01.uasset", 59.65% of original size. Compressed Size 510 bytes, Original Size 855 bytes (order 268435456).
LogPakFile: Added compressed file "UI/LoadScreens/LoadingScreen_New01_Mat.uasset", 54.93% of original size. Compressed Size 668 bytes, Original Size 1216 bytes (order 268435456).
LogPakFile: Added compressed file "UI/LoadScreens/LoadingScreen_New01_Mat_Inst.uasset", 50.93% of original size. Compressed Size 987 bytes, Original Size 1938 bytes (order 268435456).
LogPakFile: Added file "UI/LoadScreens/LoadingScreen_New02.png", 1980510 bytes (order 268435456).
LogPakFile: Added compressed file "UI/LoadScreens/LoadingScreen_New02.uasset", 59.42% of original size. Compressed Size 508 bytes, Original Size 855 bytes (order 268435456).
LogPakFile: Added compressed file "UI/LoadScreens/LoadingScreen_New02_Mat.uasset", 55.02% of original size. Compressed Size 669 bytes, Original Size 1216 bytes (order 268435456).
LogPakFile: Added compressed file "UI/LoadScreens/LoadingScreen_New02_Mat_Inst.uasset", 50.93% of original size. Compressed Size 987 bytes, Original Size 1938 bytes (order 268435456).
LogPakFile: Added file "UI/LoadScreens/LoadingScreen_New03.png", 1884447 bytes (order 268435456).
LogPakFile: Added compressed file "UI/LoadScreens/LoadingScreen_New03.uasset", 59.53% of original size. Compressed Size 509 bytes, Original Size 855 bytes (order 268435456).
LogPakFile: Added compressed file "UI/LoadScreens/LoadingScreen_New03_Mat.uasset", 54.93% of original size. Compressed Size 668 bytes, Original Size 1216 bytes (order 268435456).
LogPakFile: Added compressed file "UI/LoadScreens/LoadingScreen_New03_Mat_Inst.uasset", 50.77% of original size. Compressed Size 984 bytes, Original Size 1938 bytes (order 268435456).
LogPakFile: Added file "UI/LoadScreens/LoadingScreen_New04.png", 1907462 bytes (order 268435456).
LogPakFile: Added compressed file "UI/LoadScreens/LoadingScreen_New04.uasset", 59.65% of original size. Compressed Size 510 bytes, Original Size 855 bytes (order 268435456).
LogPakFile: Added compressed file "UI/LoadScreens/LoadingScreen_New04_Mat.uasset", 54.93% of original size. Compressed Size 668 bytes, Original Size 1216 bytes (order 268435456).
LogPakFile: Added compressed file "UI/LoadScreens/LoadingScreen_New04_Mat_Inst.uasset", 50.83% of original size. Compressed Size 985 bytes, Original Size 1938 bytes (order 268435456).
LogPakFile: Added file "UI/LoadScreens/LoadingScreen_New05.png", 1865940 bytes (order 268435456).
LogPakFile: Added compressed file "UI/LoadScreens/LoadingScreen_New05.uasset", 59.53% of original size. Compressed Size 509 bytes, Original Size 855 bytes (order 268435456).
LogPakFile: Added compressed file "UI/LoadScreens/LoadingScreen_New05_Mat.uasset", 54.61% of original size. Compressed Size 664 bytes, Original Size 1216 bytes (order 268435456).
LogPakFile: Added compressed file "UI/LoadScreens/LoadingScreen_New05_Mat_Inst.uasset", 50.83% of original size. Compressed Size 985 bytes, Original Size 1938 bytes (order 268435456).
LogPakFile: Added file "UI/LoadScreens/LoadingScreen_Thursday01.png", 1914470 bytes (order 268435456).
LogPakFile: Added compressed file "UI/LoadScreens/LoadingScreen_Thursday01.uasset", 59.65% of original size. Compressed Size 516 bytes, Original Size 865 bytes (order 268435456).
LogPakFile: Added file "UI/LoadScreens/LoadingScreen_Thursday02.png", 2041490 bytes (order 268435456).
LogPakFile: Added compressed file "UI/LoadScreens/LoadingScreen_Thursday02.uasset", 59.31% of original size. Compressed Size 513 bytes, Original Size 865 bytes (order 268435456).
LogPakFile: Added file "UI/LoadScreens/LoadingScreen_Thursday03.png", 2099852 bytes (order 268435456).
LogPakFile: Added compressed file "UI/LoadScreens/LoadingScreen_Thursday03.uasset", 59.54% of original size. Compressed Size 515 bytes, Original Size 865 bytes (order 268435456).
LogPakFile: Added compressed file "UI/LoadScreens/LoadingScreen_Thursday_Mat1.uasset", 54.86% of original size. Compressed Size 677 bytes, Original Size 1234 bytes (order 268435456).
LogPakFile: Added compressed file "UI/LoadScreens/LoadingScreen_Thursday_Mat1_Inst.uasset", 50.77% of original size. Compressed Size 993 bytes, Original Size 1956 bytes (order 268435456).
LogPakFile: Added compressed file "UI/LoadScreens/LoadingScreen_Thursday_Mat2.uasset", 54.62% of original size. Compressed Size 674 bytes, Original Size 1234 bytes (order 268435456).
LogPakFile: Added compressed file "UI/LoadScreens/LoadingScreen_Thursday_Mat2_Inst.uasset", 50.61% of original size. Compressed Size 990 bytes, Original Size 1956 bytes (order 268435456).
LogPakFile: Added compressed file "UI/LoadScreens/LoadingScreen_Thursday_Mat3.uasset", 54.86% of original size. Compressed Size 677 bytes, Original Size 1234 bytes (order 268435456).
LogPakFile: Added compressed file "UI/LoadScreens/LoadingScreen_Thursday_Mat3_Inst.uasset", 50.66% of original size. Compressed Size 991 bytes, Original Size 1956 bytes (order 268435456).
LogPakFile: Added file "UI/LoadScreens/LoadingScreen_Tuesday_Temp01.png", 2126988 bytes (order 268435456).
LogPakFile: Added compressed file "UI/LoadScreens/LoadingScreen_Tuesday_Temp01.uasset", 59.45% of original size. Compressed Size 519 bytes, Original Size 873 bytes (order 268435456).
LogPakFile: Added compressed file "UI/LoadScreens/LoadingScreen_Tuesday_Temp01_Mat.uasset", 54.23% of original size. Compressed Size 679 bytes, Original Size 1252 bytes (order 268435456).
LogPakFile: Added compressed file "UI/LoadScreens/LoadingScreen_Tuesday_Temp01_Mat_Inst.uasset", 50.30% of original size. Compressed Size 993 bytes, Original Size 1974 bytes (order 268435456).
LogPakFile: Added file "UI/LoadScreens/LoadingScreen_Tuesday_Temp02.png", 1993363 bytes (order 268435456).
LogPakFile: Added compressed file "UI/LoadScreens/LoadingScreen_Tuesday_Temp02.uasset", 59.34% of original size. Compressed Size 518 bytes, Original Size 873 bytes (order 268435456).
LogPakFile: Added compressed file "UI/LoadScreens/LoadingScreen_Tuesday_Temp02_Mat.uasset", 54.15% of original size. Compressed Size 678 bytes, Original Size 1252 bytes (order 268435456).
LogPakFile: Added compressed file "UI/LoadScreens/LoadingScreen_Tuesday_Temp02_Mat_Inst.uasset", 50.35% of original size. Compressed Size 994 bytes, Original Size 1974 bytes (order 268435456).
LogPakFile: Added file "UI/LoadScreens/LoadingScreen_Tuesday_Temp03.png", 2095860 bytes (order 268435456).
LogPakFile: Added compressed file "UI/LoadScreens/LoadingScreen_Tuesday_Temp03.uasset", 59.45% of original size. Compressed Size 519 bytes, Original Size 873 bytes (order 268435456).
LogPakFile: Added compressed file "UI/LoadScreens/LoadingScreen_Tuesday_Temp03_Mat.uasset", 54.23% of original size. Compressed Size 679 bytes, Original Size 1252 bytes (order 268435456).
LogPakFile: Added compressed file "UI/LoadScreens/LoadingScreen_Tuesday_Temp03_Mat_Inst.uasset", 50.46% of original size. Compressed Size 996 bytes, Original Size 1974 bytes (order 268435456).
LogPakFile: Added compressed file "UI/LoadScreens/LoadingScreen_Wednesday_Temp01_Mat1.uasset", 54.81% of original size. Compressed Size 684 bytes, Original Size 1248 bytes (order 268435456).
LogPakFile: Added compressed file "UI/LoadScreens/LoadingScreen_Wednesday_Temp01_Mat1_Inst.uasset", 51.02% of original size. Compressed Size 1005 bytes, Original Size 1970 bytes (order 268435456).
LogPakFile: Added compressed file "UI/LoadScreens/LoadingScreen_Wednesday_Temp01_Mat2.uasset", 54.90% of original size. Compressed Size 684 bytes, Original Size 1246 bytes (order 268435456).
LogPakFile: Added compressed file "UI/LoadScreens/LoadingScreen_Wednesday_Temp01_Mat2_Inst.uasset", 50.66% of original size. Compressed Size 997 bytes, Original Size 1968 bytes (order 268435456).
LogPakFile: Added compressed file "UI/LoadScreens/LoadingScreen_Wednesday_Temp01_Mat3.uasset", 54.97% of original size. Compressed Size 686 bytes, Original Size 1248 bytes (order 268435456).
LogPakFile: Added compressed file "UI/LoadScreens/LoadingScreen_Wednesday_Temp01_Mat3_Inst.uasset", 51.02% of original size. Compressed Size 1005 bytes, Original Size 1970 bytes (order 268435456).
LogPakFile: Added file "UI/LoadScreens/WednesdayLoadingScreen.png", 2223570 bytes (order 268435456).
LogPakFile: Added compressed file "UI/LoadScreens/WednesdayLoadingScreen.uasset", 59.81% of original size. Compressed Size 515 bytes, Original Size 861 bytes (order 268435456).
LogPakFile: Added file "UI/LoadScreens/WednesdayLoadingScreen2.png", 1959312 bytes (order 268435456).
LogPakFile: Added compressed file "UI/LoadScreens/WednesdayLoadingScreen2.uasset", 59.91% of original size. Compressed Size 517 bytes, Original Size 863 bytes (order 268435456).
LogPakFile: Added file "UI/LoadScreens/WednesdayLoadingScreen3.png", 2057652 bytes (order 268435456).
LogPakFile: Added compressed file "UI/LoadScreens/WednesdayLoadingScreen3.uasset", 60.02% of original size. Compressed Size 518 bytes, Original Size 863 bytes (order 268435456).
LogPakFile: Added compressed file "Cinematics/Days/Friday/P4_FriIntro.uexp", 71.43% of original size. Compressed Size 60 bytes, Original Size 84 bytes (order 536870912).
LogPakFile: Added compressed file "Cinematics/Days/Friday/P4_FriIntro_MediaPlayer.uexp", 54.32% of original size. Compressed Size 44 bytes, Original Size 81 bytes (order 536870912).
LogPakFile: Added compressed file "Cinematics/Days/Friday/P4_FriIntro_MediaPlayer_Video.uexp", 48.86% of original size. Compressed Size 43 bytes, Original Size 88 bytes (order 536870912).
LogPakFile: Added compressed file "Cinematics/Days/Friday/P4_FriIntro_MediaPlayer_Video_Mat.uexp", 40.74% of original size. Compressed Size 5407 bytes, Original Size 13272 bytes (order 536870912).
LogPakFile: Added compressed file "Cinematics/Days/Monday/P4_MonOutro.uexp", 71.43% of original size. Compressed Size 60 bytes, Original Size 84 bytes (order 536870912).
LogPakFile: Added compressed file "Cinematics/Days/Monday/P4_MonOutro_MediaPlayer.uexp", 49.09% of original size. Compressed Size 54 bytes, Original Size 110 bytes (order 536870912).
LogPakFile: Added compressed file "Cinematics/Days/Monday/P4_MonOutro_MediaPlayer_Video.uexp", 48.86% of original size. Compressed Size 43 bytes, Original Size 88 bytes (order 536870912).
LogPakFile: Added compressed file "Cinematics/Days/Monday/P4_MonOutro_MediaPlayer_Video_Mat.uexp", 40.77% of original size. Compressed Size 5411 bytes, Original Size 13272 bytes (order 536870912).
LogPakFile: Added compressed file "Cinematics/Days/Thursday/P4_ThuIntro.uexp", 71.76% of original size. Compressed Size 61 bytes, Original Size 85 bytes (order 536870912).
LogPakFile: Added compressed file "Cinematics/Days/Thursday/P4_ThuIntro_MediaPlayer.uexp", 54.32% of original size. Compressed Size 44 bytes, Original Size 81 bytes (order 536870912).
LogPakFile: Added compressed file "Cinematics/Days/Thursday/P4_ThuIntro_MediaPlayer_Video.uexp", 48.86% of original size. Compressed Size 43 bytes, Original Size 88 bytes (order 536870912).
LogPakFile: Added compressed file "Cinematics/Days/Thursday/P4_ThuIntro_MediaPlayer_Video_Mat.uexp", 40.75% of original size. Compressed Size 5409 bytes, Original Size 13272 bytes (order 536870912).
LogPakFile: Added compressed file "Cinematics/Days/Thursday/P4_ThuOutro_MediaPlayer.uexp", 48.18% of original size. Compressed Size 53 bytes, Original Size 110 bytes (order 536870912).
LogPakFile: Added compressed file "Cinematics/Days/Thursday/P4_ThuOutro_MediaPlayer_Video.uexp", 48.86% of original size. Compressed Size 43 bytes, Original Size 88 bytes (order 536870912).
LogPakFile: Added compressed file "Cinematics/Days/Thursday/P4_ThuOutro_MediaPlayer_Video_Mat.uexp", 40.77% of original size. Compressed Size 5411 bytes, Original Size 13272 bytes (order 536870912).
LogPakFile: Added compressed file "Cinematics/Days/Thursday/P4_ThurOutro.uexp", 71.76% of original size. Compressed Size 61 bytes, Original Size 85 bytes (order 536870912).
LogPakFile: Added compressed file "Cinematics/Days/Tuesday/P4_TueIntro.uexp", 71.43% of original size. Compressed Size 60 bytes, Original Size 84 bytes (order 536870912).
LogPakFile: Added compressed file "Cinematics/Days/Tuesday/P4_TueIntro_MediaPlayer.uexp", 54.32% of original size. Compressed Size 44 bytes, Original Size 81 bytes (order 536870912).
LogPakFile: Added compressed file "Cinematics/Days/Tuesday/P4_TueIntro_MediaPlayer_Video.uexp", 48.86% of original size. Compressed Size 43 bytes, Original Size 88 bytes (order 536870912).
LogPakFile: Added compressed file "Cinematics/Days/Tuesday/P4_TueIntro_MediaPlayer_Video_Mat.uexp", 40.74% of original size. Compressed Size 5407 bytes, Original Size 13272 bytes (order 536870912).
LogPakFile: Added compressed file "Cinematics/Days/Tuesday/P4_TueOutro.uexp", 71.43% of original size. Compressed Size 60 bytes, Original Size 84 bytes (order 536870912).
LogPakFile: Added compressed file "Cinematics/Days/Tuesday/P4_TueOutro_MediaPlayer.uexp", 48.18% of original size. Compressed Size 53 bytes, Original Size 110 bytes (order 536870912).
LogPakFile: Added compressed file "Cinematics/Days/Tuesday/P4_TueOutro_MediaPlayer_Video.uexp", 48.86% of original size. Compressed Size 43 bytes, Original Size 88 bytes (order 536870912).
LogPakFile: Added compressed file "Cinematics/Days/Tuesday/P4_TueOutro_MediaPlayer_Video_Mat.uexp", 40.79% of original size. Compressed Size 5413 bytes, Original Size 13272 bytes (order 536870912).
LogPakFile: Added compressed file "Cinematics/Days/Wednesday/P4_WedIntro.uexp", 71.43% of original size. Compressed Size 60 bytes, Original Size 84 bytes (order 536870912).
LogPakFile: Added compressed file "Cinematics/Days/Wednesday/P4_WedIntro_MediaPlayer.uexp", 54.32% of original size. Compressed Size 44 bytes, Original Size 81 bytes (order 536870912).
LogPakFile: Added compressed file "Cinematics/Days/Wednesday/P4_WedIntro_MediaPlayer_Video.uexp", 48.86% of original size. Compressed Size 43 bytes, Original Size 88 bytes (order 536870912).
LogPakFile: Added compressed file "Cinematics/Days/Wednesday/P4_WedIntro_MediaPlayer_Video_Mat.uexp", 40.79% of original size. Compressed Size 5413 bytes, Original Size 13272 bytes (order 536870912).
LogPakFile: Added compressed file "Cinematics/Days/Wednesday/P4_WedOutro.uexp", 71.43% of original size. Compressed Size 60 bytes, Original Size 84 bytes (order 536870912).
LogPakFile: Added compressed file "Cinematics/Days/Wednesday/P4_WedOutro_MediaPlayer.uexp", 48.18% of original size. Compressed Size 53 bytes, Original Size 110 bytes (order 536870912).
LogPakFile: Added compressed file "Cinematics/Days/Wednesday/P4_WedOutro_MediaPlayer_Video.uexp", 48.86% of original size. Compressed Size 43 bytes, Original Size 88 bytes (order 536870912).
LogPakFile: Added compressed file "Cinematics/Days/Wednesday/P4_WedOutro_MediaPlayer_Video_Mat.uexp", 40.75% of original size. Compressed Size 5408 bytes, Original Size 13272 bytes (order 536870912).
LogPakFile: Added compressed file "Cinematics/GameIntro/RWSIntroMovie_Movie.uexp", 68.42% of original size. Compressed Size 52 bytes, Original Size 76 bytes (order 536870912).
LogPakFile: Added compressed file "Cinematics/GameIntro/RWSIntroMoviePlayer.uexp", 48.18% of original size. Compressed Size 53 bytes, Original Size 110 bytes (order 536870912).
LogPakFile: Added compressed file "Cinematics/GameIntro/RWSIntroMoviePlayer_PS4.uexp", 49.09% of original size. Compressed Size 54 bytes, Original Size 110 bytes (order 536870912).
LogPakFile: Added compressed file "Cinematics/GameIntro/RWSIntroMoviePlayer_Video.uexp", 48.86% of original size. Compressed Size 43 bytes, Original Size 88 bytes (order 536870912).
LogPakFile: Added compressed file "Cinematics/GameIntro/RWSIntroMoviePlayer_Video_Mat.uexp", 40.77% of original size. Compressed Size 5411 bytes, Original Size 13272 bytes (order 536870912).
LogPakFile: Added compressed file "Cinematics/PlayerIntro/P4Intro.uexp", 70.00% of original size. Compressed Size 56 bytes, Original Size 80 bytes (order 536870912).
LogPakFile: Added compressed file "Cinematics/PlayerIntro/P4IntroPlayer.uexp", 48.18% of original size. Compressed Size 53 bytes, Original Size 110 bytes (order 536870912).
LogPakFile: Added compressed file "Cinematics/PlayerIntro/P4IntroPlayer_Video.uexp", 48.86% of original size. Compressed Size 43 bytes, Original Size 88 bytes (order 536870912).
LogPakFile: Added compressed file "Cinematics/PlayerOutro/P4Outro.uexp", 71.43% of original size. Compressed Size 60 bytes, Original Size 84 bytes (order 536870912).
LogPakFile: Added compressed file "Cinematics/PlayerOutro/P4Outro_MediaPlayer.uexp", 53.09% of original size. Compressed Size 43 bytes, Original Size 81 bytes (order 536870912).
LogPakFile: Added compressed file "Cinematics/PlayerOutro/P4Outro_MediaPlayer_Video.uexp", 48.86% of original size. Compressed Size 43 bytes, Original Size 88 bytes (order 536870912).
LogPakFile: Added compressed file "Cinematics/PlayerOutro/P4Outro_MediaPlayer_Video_Mat.uexp", 40.74% of original size. Compressed Size 5407 bytes, Original Size 13272 bytes (order 536870912).
LogPakFile: Added compressed file "Cinematics/PlayerOutroPacifist/P4OutroPacifist.uexp", 74.19% of original size. Compressed Size 69 bytes, Original Size 93 bytes (order 536870912).
LogPakFile: Added compressed file "Cinematics/PlayerOutroPacifist/P4OutroPacifist_MediaPlayer.uexp", 54.32% of original size. Compressed Size 44 bytes, Original Size 81 bytes (order 536870912).
LogPakFile: Added compressed file "Cinematics/PlayerOutroPacifist/P4OutroPacifist_MediaPlayer_Video.uexp", 48.86% of original size. Compressed Size 43 bytes, Original Size 88 bytes (order 536870912).
LogPakFile: Added compressed file "Cinematics/PlayerOutroPacifist/P4OutroPacifist_MediaPlayer_Video_Mat.uexp", 40.76% of original size. Compressed Size 5410 bytes, Original Size 13272 bytes (order 536870912).
LogPakFile: Added compressed file "Cinematics/SeveredHand/SeveredHand_MI.uexp", 44.65% of original size. Compressed Size 61627 bytes, Original Size 138028 bytes (order 536870912).
LogPakFile: Added compressed file "Cinematics/SeveredHand/SK_Severed_Hand_02.uexp", 54.73% of original size. Compressed Size 150132 bytes, Original Size 274302 bytes (order 536870912).
LogPakFile: Added compressed file "Cinematics/SeveredHand/SK_Severed_Hand_02_Skeleton.uexp", 39.22% of original size. Compressed Size 813 bytes, Original Size 2073 bytes (order 536870912).
LogPakFile: Added compressed file "Cinematics/SeveredHand/T_SeveredHand_ARM.uexp", 65.64% of original size. Compressed Size 2237 bytes, Original Size 3408 bytes (order 536870912).
LogPakFile: Added compressed file "Cinematics/SeveredHand/T_SeveredHand_BaseColor.uexp", 66.06% of original size. Compressed Size 2234 bytes, Original Size 3382 bytes (order 536870912).
LogPakFile: Added compressed file "Cinematics/SeveredHand/T_SeveredHand_N.uexp", 53.09% of original size. Compressed Size 3309 bytes, Original Size 6233 bytes (order 536870912).
LogPakFile: Added compressed file "Cinematics/SeveredHand/twitch_curled.uexp", 40.85% of original size. Compressed Size 1007 bytes, Original Size 2465 bytes (order 536870912).
LogPakFile: Added compressed file "Cinematics/SeveredHand/twitch_middlefinger.uexp", 42.74% of original size. Compressed Size 1069 bytes, Original Size 2501 bytes (order 536870912).
LogPakFile: Added compressed file "Cinematics/WarningMovie/WarningMovie.uexp", 70.00% of original size. Compressed Size 56 bytes, Original Size 80 bytes (order 536870912).
LogPakFile: Added compressed file "Cinematics/WarningMovie/WarningMoviePlayer.uexp", 48.18% of original size. Compressed Size 53 bytes, Original Size 110 bytes (order 536870912).
LogPakFile: Added compressed file "Cinematics/WarningMovie/WarningMoviePlayer_Video.uexp", 48.86% of original size. Compressed Size 43 bytes, Original Size 88 bytes (order 536870912).
LogPakFile: Added compressed file "Cinematics/WarningMovie/WarningMoviePlayer_Video_Mat.uexp", 40.75% of original size. Compressed Size 5408 bytes, Original Size 13272 bytes (order 536870912).
LogPakFile: Added compressed file "UI/LoadScreens/FastTravelScreen_Full.uexp", 63.11% of original size. Compressed Size 1302 bytes, Original Size 2063 bytes (order 536870912).
LogPakFile: Added compressed file "UI/LoadScreens/FastTravelStop_Commercial.uexp", 67.88% of original size. Compressed Size 1376 bytes, Original Size 2027 bytes (order 536870912).
LogPakFile: Added compressed file "UI/LoadScreens/FastTravelStop_Historical.uexp", 67.88% of original size. Compressed Size 1376 bytes, Original Size 2027 bytes (order 536870912).
LogPakFile: Added compressed file "UI/LoadScreens/FastTravelStop_Industrial.uexp", 63.69% of original size. Compressed Size 1291 bytes, Original Size 2027 bytes (order 536870912).
LogPakFile: Added compressed file "UI/LoadScreens/FastTravelStop_Residential.uexp", 69.26% of original size. Compressed Size 1404 bytes, Original Size 2027 bytes (order 536870912).
LogPakFile: Added compressed file "UI/LoadScreens/loading-PB-BG.uexp", 4.58% of original size. Compressed Size 3222 bytes, Original Size 70313 bytes (order 536870912).
LogPakFile: Added compressed file "UI/LoadScreens/loading-PB-Front.uexp", 21.08% of original size. Compressed Size 14823 bytes, Original Size 70313 bytes (order 536870912).
LogPakFile: Added compressed file "UI/LoadScreens/LoadingScreen.uexp", 53.88% of original size. Compressed Size 558790 bytes, Original Size 1037109 bytes (order 536870912).
LogPakFile: Added compressed file "UI/LoadScreens/LoadingScreen_02.uexp", 58.07% of original size. Compressed Size 602282 bytes, Original Size 1037109 bytes (order 536870912).
LogPakFile: Added compressed file "UI/LoadScreens/LoadingScreen_02_Mat.uexp", 41.15% of original size. Compressed Size 5339 bytes, Original Size 12975 bytes (order 536870912).
LogPakFile: Added compressed file "UI/LoadScreens/LoadingScreen_02_Mat_Inst.uexp", 40.39% of original size. Compressed Size 5487 bytes, Original Size 13584 bytes (order 536870912).
LogPakFile: Added compressed file "UI/LoadScreens/LoadingScreen_03.uexp", 56.95% of original size. Compressed Size 590598 bytes, Original Size 1037109 bytes (order 536870912).
LogPakFile: Added compressed file "UI/LoadScreens/LoadingScreen_03_Mat.uexp", 41.16% of original size. Compressed Size 5340 bytes, Original Size 12975 bytes (order 536870912).
LogPakFile: Added compressed file "UI/LoadScreens/LoadingScreen_03_Mat_Inst.uexp", 40.39% of original size. Compressed Size 5487 bytes, Original Size 13584 bytes (order 536870912).
LogPakFile: Added compressed file "UI/LoadScreens/LoadingScreen_Arrested.uexp", 64.53% of original size. Compressed Size 669222 bytes, Original Size 1037109 bytes (order 536870912).
LogPakFile: Added compressed file "UI/LoadScreens/LoadingScreen_Friday01.uexp", 54.83% of original size. Compressed Size 568609 bytes, Original Size 1037109 bytes (order 536870912).
LogPakFile: Added compressed file "UI/LoadScreens/LoadingScreen_Friday02.uexp", 57.41% of original size. Compressed Size 595376 bytes, Original Size 1037109 bytes (order 536870912).
LogPakFile: Added compressed file "UI/LoadScreens/LoadingScreen_Friday03.uexp", 57.98% of original size. Compressed Size 601291 bytes, Original Size 1037109 bytes (order 536870912).
LogPakFile: Added compressed file "UI/LoadScreens/LoadingScreen_Friday_Mat1.uexp", 41.13% of original size. Compressed Size 5337 bytes, Original Size 12975 bytes (order 536870912).
LogPakFile: Added compressed file "UI/LoadScreens/LoadingScreen_Friday_Mat1_Inst.uexp", 40.39% of original size. Compressed Size 5487 bytes, Original Size 13584 bytes (order 536870912).
LogPakFile: Added compressed file "UI/LoadScreens/LoadingScreen_Friday_Mat2.uexp", 41.13% of original size. Compressed Size 5337 bytes, Original Size 12975 bytes (order 536870912).
LogPakFile: Added compressed file "UI/LoadScreens/LoadingScreen_Friday_Mat2_Inst.uexp", 40.39% of original size. Compressed Size 5487 bytes, Original Size 13584 bytes (order 536870912).
LogPakFile: Added compressed file "UI/LoadScreens/LoadingScreen_Friday_Mat3.uexp", 41.18% of original size. Compressed Size 5343 bytes, Original Size 12975 bytes (order 536870912).
LogPakFile: Added compressed file "UI/LoadScreens/LoadingScreen_Friday_Mat3_Inst.uexp", 40.39% of original size. Compressed Size 5487 bytes, Original Size 13584 bytes (order 536870912).
LogPakFile: Added compressed file "UI/LoadScreens/LoadingScreen_Mat.uexp", 41.13% of original size. Compressed Size 5337 bytes, Original Size 12975 bytes (order 536870912).
LogPakFile: Added compressed file "UI/LoadScreens/LoadingScreen_Mat_Inst.uexp", 40.39% of original size. Compressed Size 5487 bytes, Original Size 13584 bytes (order 536870912).
LogPakFile: Added compressed file "UI/LoadScreens/LoadingScreen_New01.uexp", 46.85% of original size. Compressed Size 485893 bytes, Original Size 1037109 bytes (order 536870912).
LogPakFile: Added compressed file "UI/LoadScreens/LoadingScreen_New01_Mat.uexp", 41.14% of original size. Compressed Size 5338 bytes, Original Size 12975 bytes (order 536870912).
LogPakFile: Added compressed file "UI/LoadScreens/LoadingScreen_New01_Mat_Inst.uexp", 40.39% of original size. Compressed Size 5487 bytes, Original Size 13584 bytes (order 536870912).
LogPakFile: Added compressed file "UI/LoadScreens/LoadingScreen_New02.uexp", 57.93% of original size. Compressed Size 600786 bytes, Original Size 1037109 bytes (order 536870912).
LogPakFile: Added compressed file "UI/LoadScreens/LoadingScreen_New02_Mat.uexp", 41.16% of original size. Compressed Size 5341 bytes, Original Size 12975 bytes (order 536870912).
LogPakFile: Added compressed file "UI/LoadScreens/LoadingScreen_New02_Mat_Inst.uexp", 40.39% of original size. Compressed Size 5487 bytes, Original Size 13584 bytes (order 536870912).
LogPakFile: Added compressed file "UI/LoadScreens/LoadingScreen_New03.uexp", 56.31% of original size. Compressed Size 584005 bytes, Original Size 1037109 bytes (order 536870912).
LogPakFile: Added compressed file "UI/LoadScreens/LoadingScreen_New03_Mat.uexp", 41.13% of original size. Compressed Size 5336 bytes, Original Size 12975 bytes (order 536870912).
LogPakFile: Added compressed file "UI/LoadScreens/LoadingScreen_New03_Mat_Inst.uexp", 40.39% of original size. Compressed Size 5487 bytes, Original Size 13584 bytes (order 536870912).
LogPakFile: Added compressed file "UI/LoadScreens/LoadingScreen_New04.uexp", 56.66% of original size. Compressed Size 587636 bytes, Original Size 1037109 bytes (order 536870912).
LogPakFile: Added compressed file "UI/LoadScreens/LoadingScreen_New04_Mat.uexp", 41.17% of original size. Compressed Size 5342 bytes, Original Size 12975 bytes (order 536870912).
LogPakFile: Added compressed file "UI/LoadScreens/LoadingScreen_New04_Mat_Inst.uexp", 40.39% of original size. Compressed Size 5487 bytes, Original Size 13584 bytes (order 536870912).
LogPakFile: Added compressed file "UI/LoadScreens/LoadingScreen_New05.uexp", 56.24% of original size. Compressed Size 583223 bytes, Original Size 1037109 bytes (order 536870912).
LogPakFile: Added compressed file "UI/LoadScreens/LoadingScreen_New05_Mat.uexp", 41.13% of original size. Compressed Size 5337 bytes, Original Size 12975 bytes (order 536870912).
LogPakFile: Added compressed file "UI/LoadScreens/LoadingScreen_New05_Mat_Inst.uexp", 40.39% of original size. Compressed Size 5487 bytes, Original Size 13584 bytes (order 536870912).
LogPakFile: Added compressed file "UI/LoadScreens/LoadingScreen_Thursday01.uexp", 57.45% of original size. Compressed Size 595855 bytes, Original Size 1037109 bytes (order 536870912).
LogPakFile: Added compressed file "UI/LoadScreens/LoadingScreen_Thursday02.uexp", 58.95% of original size. Compressed Size 611358 bytes, Original Size 1037109 bytes (order 536870912).
LogPakFile: Added compressed file "UI/LoadScreens/LoadingScreen_Thursday03.uexp", 58.62% of original size. Compressed Size 607984 bytes, Original Size 1037109 bytes (order 536870912).
LogPakFile: Added compressed file "UI/LoadScreens/LoadingScreen_Thursday_Mat1.uexp", 41.15% of original size. Compressed Size 5339 bytes, Original Size 12975 bytes (order 536870912).
LogPakFile: Added compressed file "UI/LoadScreens/LoadingScreen_Thursday_Mat1_Inst.uexp", 40.39% of original size. Compressed Size 5487 bytes, Original Size 13584 bytes (order 536870912).
LogPakFile: Added compressed file "UI/LoadScreens/LoadingScreen_Thursday_Mat2.uexp", 41.16% of original size. Compressed Size 5340 bytes, Original Size 12975 bytes (order 536870912).
LogPakFile: Added compressed file "UI/LoadScreens/LoadingScreen_Thursday_Mat2_Inst.uexp", 40.39% of original size. Compressed Size 5487 bytes, Original Size 13584 bytes (order 536870912).
LogPakFile: Added compressed file "UI/LoadScreens/LoadingScreen_Thursday_Mat3.uexp", 41.13% of original size. Compressed Size 5337 bytes, Original Size 12975 bytes (order 536870912).
LogPakFile: Added compressed file "UI/LoadScreens/LoadingScreen_Thursday_Mat3_Inst.uexp", 40.39% of original size. Compressed Size 5487 bytes, Original Size 13584 bytes (order 536870912).
LogPakFile: Added compressed file "UI/LoadScreens/LoadingScreen_Tuesday_Temp01.uexp", 60.05% of original size. Compressed Size 622792 bytes, Original Size 1037109 bytes (order 536870912).
LogPakFile: Added compressed file "UI/LoadScreens/LoadingScreen_Tuesday_Temp01_Mat.uexp", 41.18% of original size. Compressed Size 5343 bytes, Original Size 12975 bytes (order 536870912).
LogPakFile: Added compressed file "UI/LoadScreens/LoadingScreen_Tuesday_Temp01_Mat_Inst.uexp", 40.39% of original size. Compressed Size 5487 bytes, Original Size 13584 bytes (order 536870912).
LogPakFile: Added compressed file "UI/LoadScreens/LoadingScreen_Tuesday_Temp02.uexp", 57.70% of original size. Compressed Size 598375 bytes, Original Size 1037109 bytes (order 536870912).
LogPakFile: Added compressed file "UI/LoadScreens/LoadingScreen_Tuesday_Temp02_Mat.uexp", 41.17% of original size. Compressed Size 5342 bytes, Original Size 12975 bytes (order 536870912).
LogPakFile: Added compressed file "UI/LoadScreens/LoadingScreen_Tuesday_Temp02_Mat_Inst.uexp", 40.39% of original size. Compressed Size 5487 bytes, Original Size 13584 bytes (order 536870912).
LogPakFile: Added compressed file "UI/LoadScreens/LoadingScreen_Tuesday_Temp03.uexp", 60.14% of original size. Compressed Size 623750 bytes, Original Size 1037109 bytes (order 536870912).
LogPakFile: Added compressed file "UI/LoadScreens/LoadingScreen_Tuesday_Temp03_Mat.uexp", 41.18% of original size. Compressed Size 5343 bytes, Original Size 12975 bytes (order 536870912).
LogPakFile: Added compressed file "UI/LoadScreens/LoadingScreen_Tuesday_Temp03_Mat_Inst.uexp", 40.39% of original size. Compressed Size 5487 bytes, Original Size 13584 bytes (order 536870912).
LogPakFile: Added compressed file "UI/LoadScreens/LoadingScreen_Wednesday_Temp01_Mat1.uexp", 41.16% of original size. Compressed Size 5341 bytes, Original Size 12975 bytes (order 536870912).
LogPakFile: Added compressed file "UI/LoadScreens/LoadingScreen_Wednesday_Temp01_Mat1_Inst.uexp", 40.38% of original size. Compressed Size 5485 bytes, Original Size 13584 bytes (order 536870912).
LogPakFile: Added compressed file "UI/LoadScreens/LoadingScreen_Wednesday_Temp01_Mat2.uexp", 41.18% of original size. Compressed Size 5343 bytes, Original Size 12975 bytes (order 536870912).
LogPakFile: Added compressed file "UI/LoadScreens/LoadingScreen_Wednesday_Temp01_Mat2_Inst.uexp", 40.38% of original size. Compressed Size 5485 bytes, Original Size 13584 bytes (order 536870912).
LogPakFile: Added compressed file "UI/LoadScreens/LoadingScreen_Wednesday_Temp01_Mat3.uexp", 41.16% of original size. Compressed Size 5340 bytes, Original Size 12975 bytes (order 536870912).
LogPakFile: Added compressed file "UI/LoadScreens/LoadingScreen_Wednesday_Temp01_Mat3_Inst.uexp", 40.38% of original size. Compressed Size 5485 bytes, Original Size 13584 bytes (order 536870912).
LogPakFile: Added compressed file "UI/LoadScreens/WednesdayLoadingScreen.uexp", 58.04% of original size. Compressed Size 601957 bytes, Original Size 1037109 bytes (order 536870912).
LogPakFile: Added compressed file "UI/LoadScreens/WednesdayLoadingScreen2.uexp", 57.01% of original size. Compressed Size 591264 bytes, Original Size 1037109 bytes (order 536870912).
LogPakFile: Added compressed file "UI/LoadScreens/WednesdayLoadingScreen3.uexp", 57.28% of original size. Compressed Size 594095 bytes, Original Size 1037109 bytes (order 536870912).
LogPakFile: Added compressed file "Cinematics/SeveredHand/T_SeveredHand_ARM.ubulk", 38.06% of original size. Compressed Size 1063290 bytes, Original Size 2793472 bytes (order 1073741824).
LogPakFile: Added compressed file "Cinematics/SeveredHand/T_SeveredHand_BaseColor.ubulk", 36.54% of original size. Compressed Size 1020613 bytes, Original Size 2793472 bytes (order 1073741824).
LogPakFile: Added compressed file "Cinematics/SeveredHand/T_SeveredHand_N.ubulk", 49.45% of original size. Compressed Size 2762829 bytes, Original Size 5586944 bytes (order 1073741824).
LogPakFile: Added compressed file "UI/LoadScreens/FastTravelScreen_Full.ubulk", 45.16% of original size. Compressed Size 630750 bytes, Original Size 1396736 bytes (order 1073741824).
LogPakFile: Added compressed file "UI/LoadScreens/FastTravelStop_Commercial.ubulk", 46.21% of original size. Compressed Size 160897 bytes, Original Size 348160 bytes (order 1073741824).
LogPakFile: Added compressed file "UI/LoadScreens/FastTravelStop_Historical.ubulk", 48.40% of original size. Compressed Size 168496 bytes, Original Size 348160 bytes (order 1073741824).
LogPakFile: Added compressed file "UI/LoadScreens/FastTravelStop_Industrial.ubulk", 41.96% of original size. Compressed Size 146104 bytes, Original Size 348160 bytes (order 1073741824).
LogPakFile: Added compressed file "UI/LoadScreens/FastTravelStop_Residential.ubulk", 45.25% of original size. Compressed Size 157546 bytes, Original Size 348160 bytes (order 1073741824).
