Log file open, 12/31/23 01:16:28
LogWindows: Failed to load 'aqProf.dll' (GetLastError=126)
LogWindows: File 'aqProf.dll' does not exist
LogWindows: Failed to load 'VSPerf140.dll' (GetLastError=126)
LogWindows: File 'VSPerf140.dll' does not exist
LogWindows: Failed to load 'VtuneApi.dll' (GetLastError=126)
LogWindows: File 'VtuneApi.dll' does not exist
LogWindows: Failed to load 'VtuneApi32e.dll' (GetLastError=126)
LogWindows: File 'VtuneApi32e.dll' does not exist
LogPlatformFile: Not using cached read wrapper
LogInit: Display: RandInit(-76312255) SRandInit(-76312254).
LogTaskGraph: Started task graph with 4 named threads and 11 total threads with 1 sets of task threads.
LogInit: Build: ++UE4+Release-4.18-CL-3832480
LogInit: Engine Version: 4.18.3-3832480+++UE4+Release-4.18
LogInit: Compatible Engine Version: 4.18.0-3709383+++UE4+Release-4.18
LogInit: Net CL: 3709383
LogDevObjectVersion: Number of dev versions registered: 16
LogDevObjectVersion:   Dev-Blueprints (B0D832E4-1F89-4F0D-ACCF-7EB736FD4AA2): 10
LogDevObjectVersion:   Dev-Build (E1C64328-A22C-4D53-A36C-8E866417BD8C): 0
LogDevObjectVersion:   Dev-Core (375EC13C-06E4-48FB-B500-84F0262A717E): 2
LogDevObjectVersion:   Dev-Editor (E4B068ED-F494-42E9-A231-DA0B2E46BB41): 20
LogDevObjectVersion:   Dev-Framework (CFFC743F-43B0-4480-9391-14DF171D2073): 30
LogDevObjectVersion:   Dev-Mobile (B02B49B5-BB20-44E9-A304-32B752E40360): 0
LogDevObjectVersion:   Dev-Networking (A4E4105C-59A1-49B5-A7C5-40C4547EDFEE): 0
LogDevObjectVersion:   Dev-Online (39C831C9-5AE6-47DC-9A44-9C173E1C8E7C): 0
LogDevObjectVersion:   Dev-Physics (78F01B33-EBEA-4F98-B9B4-84EACCB95AA2): 0
LogDevObjectVersion:   Dev-Platform (6631380F-2D4D-43E0-8009-CF276956A95A): 0
LogDevObjectVersion:   Dev-Rendering (12F88B9F-8875-4AFC-A67C-D90C383ABD29): 20
LogDevObjectVersion:   Dev-Sequencer (7B5AE74C-D270-4C10-A958-57980B212A5A): 4
LogDevObjectVersion:   Dev-VR (D7296918-1DD6-4BDD-9DE2-64A83CC13884): 0
LogDevObjectVersion:   Dev-LoadTimes (C2A15278-BFE7-4AFE-6C17-90FF531DF755): 1
LogDevObjectVersion:   Private-Geometry (6EACA3D4-40EC-4CC1-B786-8BED09428FC5): 1
LogDevObjectVersion:   Dev-AnimPhys (29E575DD-E0A3-4627-9D10-D276232CDCEA): 12
LogInit: Compiled (64-bit): Jan 12 2018 06:13:43
LogInit: Compiled with Visual C++: 19.00.24215.01
LogInit: Build Configuration: Development
LogInit: Branch Name: ++UE4+Release-4.18
LogInit: Command line: C:\Users\d1m1t\Downloads\Output\Exports\Astro-WindowsNoEditor_Ukr.pak -create=filelist.txt -compress
LogInit: Base directory: C:/Users/d1m1t/Downloads/Engine/Binaries/Win64/
LogInit: Installed Engine Build: 0
LogInit: Computer: DESKTOP-LLSF97H
LogInit: User: d1m1t
LogInit: CPU Page size=4096, Cores=8
LogInit: High frequency timer resolution =10.000000 MHz
LogMemory: Memory total: Physical=15.4GB (16GB approx)
LogMemory: Platform Memory Stats for Windows
LogMemory: Process Physical Memory: 16.59 MB used, 16.59 MB peak
LogMemory: Process Virtual Memory: 50.13 MB used, 50.13 MB peak
LogMemory: Physical Memory: 9167.50 MB used,  6565.84 MB free, 15733.33 MB total
LogMemory: Virtual Memory: 4297.38 MB used,  6565.84 MB free, 134217728.00 MB total
LogInit: Using OS detected language ().
LogInit: Using OS detected locale ().
LogPaths: Warning: No paths for game localization data were specifed in the game configuration.
LogInit: Warning: No paths for engine localization data were specifed in the engine configuration.
LogTextLocalizationManager: No localization for '' exists, so 'en' will be used for the language.
LogTextLocalizationManager: No localization for '' exists, so 'en' will be used for the locale.
LogPakFile: Display: Loading response file filelist.txt
LogPakFile: Added file Source: C:/Users/d1m1t/Downloads/Output/Exports/Astro-WindowsNoEditor_Ukr/*.* Dest: ../../../
LogPakFile: Display: Added 1 entries to add to pak file.
LogPakFile: Display: Collecting files to add to pak file...
LogPakFile: Display: Collected 5 files in 0.00s.
LogPakFile: Added compressed file "Localization/Game/en/Game.locres", 41.07% of original size. Compressed Size 220367 bytes, Original Size 536566 bytes (order 268435456).
LogPakFile: Added compressed file "Localization/Game/en/Game.locres.txt", 32.18% of original size. Compressed Size 143498 bytes, Original Size 445901 bytes (order 268435456).
LogPakFile: Added compressed file "UI/fonts/DroidSansFallback.ufont", 51.68% of original size. Compressed Size 43925 bytes, Original Size 84988 bytes (order 268435456).
LogPakFile: Added compressed file "UI/fonts/NDAstroneer-Bold_V2.ufont", 57.76% of original size. Compressed Size 66158 bytes, Original Size 114540 bytes (order 268435456).
LogPakFile: Added compressed file "UI/fonts/NDAstroneer-Regular_V2.ufont", 51.68% of original size. Compressed Size 43925 bytes, Original Size 84988 bytes (order 268435456).
LogPakFile: Display: Added 5 files, 519420 bytes total, time 0.14s.
LogPakFile: Display: Compression summary: 40.87% of original size. Compressed Size 517873 bytes, Original Size 1266983 bytes. 
LogPakFile: Display: Unreal pak executed in 0.146149 seconds
LogExit: Preparing to exit.
LogExit: Exiting.
Log file closed, 12/31/23 01:16:29
