Log file open, 02/26/24 18:21:32
LogWindows: Failed to load 'aqProf.dll' (GetLastError=126)
LogWindows: File 'aqProf.dll' does not exist
LogWindows: Failed to load 'VSPerf140.dll' (GetLastError=126)
LogWindows: File 'VSPerf140.dll' does not exist
LogWindows: Failed to load 'VtuneApi.dll' (GetLastError=126)
LogWindows: File 'VtuneApi.dll' does not exist
LogWindows: Failed to load 'VtuneApi32e.dll' (GetLastError=126)
LogWindows: File 'VtuneApi32e.dll' does not exist
LogPlatformFile: Not using cached read wrapper
LogInit: Display: RandInit(-633694217) SRandInit(-633694216).
LogTaskGraph: Started task graph with 4 named threads and 11 total threads with 1 sets of task threads.
LogInit: Build: ++UE4+Release-4.18-CL-3832480
LogInit: Engine Version: 4.18.3-3832480+++UE4+Release-4.18
LogInit: Compatible Engine Version: 4.18.0-3709383+++UE4+Release-4.18
LogInit: Net CL: 3709383
LogDevObjectVersion: Number of dev versions registered: 16
LogDevObjectVersion:   Dev-Blueprints (B0D832E4-1F89-4F0D-ACCF-7EB736FD4AA2): 10
LogDevObjectVersion:   Dev-Build (E1C64328-A22C-4D53-A36C-8E866417BD8C): 0
LogDevObjectVersion:   Dev-Core (375EC13C-06E4-48FB-B500-84F0262A717E): 2
LogDevObjectVersion:   Dev-Editor (E4B068ED-F494-42E9-A231-DA0B2E46BB41): 20
LogDevObjectVersion:   Dev-Framework (CFFC743F-43B0-4480-9391-14DF171D2073): 30
LogDevObjectVersion:   Dev-Mobile (B02B49B5-BB20-44E9-A304-32B752E40360): 0
LogDevObjectVersion:   Dev-Networking (A4E4105C-59A1-49B5-A7C5-40C4547EDFEE): 0
LogDevObjectVersion:   Dev-Online (39C831C9-5AE6-47DC-9A44-9C173E1C8E7C): 0
LogDevObjectVersion:   Dev-Physics (78F01B33-EBEA-4F98-B9B4-84EACCB95AA2): 0
LogDevObjectVersion:   Dev-Platform (6631380F-2D4D-43E0-8009-CF276956A95A): 0
LogDevObjectVersion:   Dev-Rendering (12F88B9F-8875-4AFC-A67C-D90C383ABD29): 20
LogDevObjectVersion:   Dev-Sequencer (7B5AE74C-D270-4C10-A958-57980B212A5A): 4
LogDevObjectVersion:   Dev-VR (D7296918-1DD6-4BDD-9DE2-64A83CC13884): 0
LogDevObjectVersion:   Dev-LoadTimes (C2A15278-BFE7-4AFE-6C17-90FF531DF755): 1
LogDevObjectVersion:   Private-Geometry (6EACA3D4-40EC-4CC1-B786-8BED09428FC5): 1
LogDevObjectVersion:   Dev-AnimPhys (29E575DD-E0A3-4627-9D10-D276232CDCEA): 12
LogInit: Compiled (64-bit): Jan 12 2018 06:13:43
LogInit: Compiled with Visual C++: 19.00.24215.01
LogInit: Build Configuration: Development
LogInit: Branch Name: ++UE4+Release-4.18
LogInit: Command line: C:\Users\d1m1t\Downloads\Output\Exports\AVGame-WindowsNoEditor-Localization.pak -create=filelist.txt -compress
LogInit: Base directory: C:/Users/d1m1t/Downloads/Engine/Binaries/Win64/
LogInit: Installed Engine Build: 0
LogInit: Computer: DESKTOP-LLSF97H
LogInit: User: d1m1t
LogInit: CPU Page size=4096, Cores=8
LogInit: High frequency timer resolution =10.000000 MHz
LogMemory: Memory total: Physical=15.4GB (16GB approx)
LogMemory: Platform Memory Stats for Windows
LogMemory: Process Physical Memory: 16.41 MB used, 16.41 MB peak
LogMemory: Process Virtual Memory: 50.12 MB used, 50.12 MB peak
LogMemory: Physical Memory: 7392.34 MB used,  8340.99 MB free, 15733.33 MB total
LogMemory: Virtual Memory: 4297.42 MB used,  8340.99 MB free, 134217728.00 MB total
LogInit: Using OS detected language ().
LogInit: Using OS detected locale ().
LogPaths: Warning: No paths for game localization data were specifed in the game configuration.
LogInit: Warning: No paths for engine localization data were specifed in the engine configuration.
LogTextLocalizationManager: No localization for '' exists, so 'en' will be used for the language.
LogTextLocalizationManager: No localization for '' exists, so 'en' will be used for the locale.
LogPakFile: Display: Loading response file filelist.txt
LogPakFile: Added file Source: C:/Users/d1m1t/Downloads/Output/Exports/AVGame-WindowsNoEditor-Localization/*.* Dest: ../../../
LogPakFile: Display: Added 1 entries to add to pak file.
LogPakFile: Display: Collecting files to add to pak file...
LogPakFile: Display: Collected 301 files in 0.02s.
LogPakFile: Added compressed file "AVGame/Content/Localization/Game_GT_Citizens/de-DE/Game_GT_Citizens.locres", 30.20% of original size. Compressed Size 64284 bytes, Original Size 212854 bytes (order 268435456).
LogPakFile: Added compressed file "AVGame/Content/Localization/Game_GT_Citizens/en-US/Game_GT_Citizens.locres", 30.59% of original size. Compressed Size 57244 bytes, Original Size 187162 bytes (order 268435456).
LogPakFile: Added compressed file "AVGame/Content/Localization/Game_GT_Citizens/en/Game_GT_Citizens.locres", 30.59% of original size. Compressed Size 57244 bytes, Original Size 187162 bytes (order 268435456).
LogPakFile: Added compressed file "AVGame/Content/Localization/Game_GT_Citizens/es-ES/Game_GT_Citizens.locres", 30.13% of original size. Compressed Size 59968 bytes, Original Size 199052 bytes (order 268435456).
LogPakFile: Added compressed file "AVGame/Content/Localization/Game_GT_Citizens/es-MX/Game_GT_Citizens.locres", 30.00% of original size. Compressed Size 58481 bytes, Original Size 194920 bytes (order 268435456).
LogPakFile: Added compressed file "AVGame/Content/Localization/Game_GT_Citizens/fr-FR/Game_GT_Citizens.locres", 30.28% of original size. Compressed Size 63112 bytes, Original Size 208402 bytes (order 268435456).
LogPakFile: Added compressed file "AVGame/Content/Localization/Game_GT_Citizens/it-IT/Game_GT_Citizens.locres", 30.02% of original size. Compressed Size 60439 bytes, Original Size 201358 bytes (order 268435456).
LogPakFile: Added compressed file "AVGame/Content/Localization/Game_GT_Citizens/ja-JP/Game_GT_Citizens.locres", 30.59% of original size. Compressed Size 57244 bytes, Original Size 187162 bytes (order 268435456).
LogPakFile: Added compressed file "AVGame/Content/Localization/Game_GT_Citizens/ko-KR/Game_GT_Citizens.locres", 30.59% of original size. Compressed Size 57244 bytes, Original Size 187162 bytes (order 268435456).
LogPakFile: Added compressed file "AVGame/Content/Localization/Game_GT_Citizens/pl-PL/Game_GT_Citizens.locres", 32.90% of original size. Compressed Size 59686 bytes, Original Size 181412 bytes (order 268435456).
LogPakFile: Added compressed file "AVGame/Content/Localization/Game_GT_Citizens/pt-BR/Game_GT_Citizens.locres", 30.52% of original size. Compressed Size 58539 bytes, Original Size 191828 bytes (order 268435456).
LogPakFile: Added compressed file "AVGame/Content/Localization/Game_GT_Citizens/ru-RU/Game_GT_Citizens.locres", 32.50% of original size. Compressed Size 57919 bytes, Original Size 178220 bytes (order 268435456).
LogPakFile: Added compressed file "AVGame/Content/Localization/Game_GT_Citizens/zh-Hans-CN/Game_GT_Citizens.locres", 53.69% of original size. Compressed Size 49280 bytes, Original Size 91778 bytes (order 268435456).
LogPakFile: Added compressed file "AVGame/Content/Localization/Game_GT_Dialog/de-DE/Game_GT_Dialog.locres", 34.67% of original size. Compressed Size 150178 bytes, Original Size 433202 bytes (order 268435456).
LogPakFile: Added compressed file "AVGame/Content/Localization/Game_GT_Dialog/en-US/Game_GT_Dialog.locres", 34.74% of original size. Compressed Size 144986 bytes, Original Size 417322 bytes (order 268435456).
LogPakFile: Added compressed file "AVGame/Content/Localization/Game_GT_Dialog/en/Game_GT_Dialog.locres", 34.74% of original size. Compressed Size 144986 bytes, Original Size 417322 bytes (order 268435456).
LogPakFile: Added compressed file "AVGame/Content/Localization/Game_GT_Dialog/es-ES/Game_GT_Dialog.locres", 34.98% of original size. Compressed Size 148960 bytes, Original Size 425838 bytes (order 268435456).
LogPakFile: Added compressed file "AVGame/Content/Localization/Game_GT_Dialog/es-MX/Game_GT_Dialog.locres", 34.83% of original size. Compressed Size 148329 bytes, Original Size 425874 bytes (order 268435456).
LogPakFile: Added compressed file "AVGame/Content/Localization/Game_GT_Dialog/fr-FR/Game_GT_Dialog.locres", 33.68% of original size. Compressed Size 152467 bytes, Original Size 452634 bytes (order 268435456).
LogPakFile: Added compressed file "AVGame/Content/Localization/Game_GT_Dialog/it-IT/Game_GT_Dialog.locres", 34.80% of original size. Compressed Size 147902 bytes, Original Size 425034 bytes (order 268435456).
LogPakFile: Added compressed file "AVGame/Content/Localization/Game_GT_Dialog/ja-JP/Game_GT_Dialog.locres", 34.74% of original size. Compressed Size 144986 bytes, Original Size 417322 bytes (order 268435456).
LogPakFile: Added compressed file "AVGame/Content/Localization/Game_GT_Dialog/ko-KR/Game_GT_Dialog.locres", 34.74% of original size. Compressed Size 144986 bytes, Original Size 417322 bytes (order 268435456).
LogPakFile: Added compressed file "AVGame/Content/Localization/Game_GT_Dialog/pl-PL/Game_GT_Dialog.locres", 36.09% of original size. Compressed Size 149519 bytes, Original Size 414298 bytes (order 268435456).
LogPakFile: Added compressed file "AVGame/Content/Localization/Game_GT_Dialog/pt-BR/Game_GT_Dialog.locres", 34.83% of original size. Compressed Size 146485 bytes, Original Size 420530 bytes (order 268435456).
LogPakFile: Added compressed file "AVGame/Content/Localization/Game_GT_Dialog/ru-RU/Game_GT_Dialog.locres", 35.59% of original size. Compressed Size 145290 bytes, Original Size 408284 bytes (order 268435456).
LogPakFile: Added compressed file "AVGame/Content/Localization/Game_GT_Dialog/zh-Hans-CN/Game_GT_Dialog.locres", 42.47% of original size. Compressed Size 135745 bytes, Original Size 319600 bytes (order 268435456).
LogPakFile: Added compressed file "AVGame/Content/Localization/Game_GT_LD/de-DE/Game_GT_LD.locres", 31.02% of original size. Compressed Size 214890 bytes, Original Size 692694 bytes (order 268435456).
LogPakFile: Added compressed file "AVGame/Content/Localization/Game_GT_LD/en-US/Game_GT_LD.locres", 31.66% of original size. Compressed Size 197562 bytes, Original Size 624086 bytes (order 268435456).
LogPakFile: Added compressed file "AVGame/Content/Localization/Game_GT_LD/en/Game_GT_LD.locres", 31.66% of original size. Compressed Size 197562 bytes, Original Size 624086 bytes (order 268435456).
LogPakFile: Added compressed file "AVGame/Content/Localization/Game_GT_LD/es-ES/Game_GT_LD.locres", 31.30% of original size. Compressed Size 208289 bytes, Original Size 665384 bytes (order 268435456).
LogPakFile: Added compressed file "AVGame/Content/Localization/Game_GT_LD/es-MX/Game_GT_LD.locres", 31.05% of original size. Compressed Size 208130 bytes, Original Size 670270 bytes (order 268435456).
LogPakFile: Added compressed file "AVGame/Content/Localization/Game_GT_LD/fr-FR/Game_GT_LD.locres", 30.85% of original size. Compressed Size 214746 bytes, Original Size 696210 bytes (order 268435456).
LogPakFile: Added compressed file "AVGame/Content/Localization/Game_GT_LD/it-IT/Game_GT_LD.locres", 31.04% of original size. Compressed Size 206617 bytes, Original Size 665682 bytes (order 268435456).
LogPakFile: Added compressed file "AVGame/Content/Localization/Game_GT_LD/ja-JP/Game_GT_LD.locres", 31.66% of original size. Compressed Size 197562 bytes, Original Size 624086 bytes (order 268435456).
LogPakFile: Added compressed file "AVGame/Content/Localization/Game_GT_LD/ko-KR/Game_GT_LD.locres", 31.66% of original size. Compressed Size 197562 bytes, Original Size 624086 bytes (order 268435456).
LogPakFile: Added compressed file "AVGame/Content/Localization/Game_GT_LD/pl-PL/Game_GT_LD.locres", 33.39% of original size. Compressed Size 210787 bytes, Original Size 631194 bytes (order 268435456).
LogPakFile: Added compressed file "AVGame/Content/Localization/Game_GT_LD/pt-BR/Game_GT_LD.locres", 31.38% of original size. Compressed Size 203999 bytes, Original Size 650028 bytes (order 268435456).
LogPakFile: Added compressed file "AVGame/Content/Localization/Game_GT_LD/ru-RU/Game_GT_LD.locres", 33.27% of original size. Compressed Size 201801 bytes, Original Size 606480 bytes (order 268435456).
LogPakFile: Added compressed file "AVGame/Content/Localization/Game_GT_LD/zh-Hans-CN/Game_GT_LD.locres", 51.00% of original size. Compressed Size 173839 bytes, Original Size 340836 bytes (order 268435456).
LogPakFile: Added compressed file "AVGame/Content/Localization/Game_GT_Misc/de-DE/Game_GT_Misc.locres", 30.02% of original size. Compressed Size 137105 bytes, Original Size 456648 bytes (order 268435456).
LogPakFile: Added compressed file "AVGame/Content/Localization/Game_GT_Misc/en-US/Game_GT_Misc.locres", 30.99% of original size. Compressed Size 129943 bytes, Original Size 419322 bytes (order 268435456).
LogPakFile: Added compressed file "AVGame/Content/Localization/Game_GT_Misc/en/Game_GT_Misc.locres", 30.99% of original size. Compressed Size 129943 bytes, Original Size 419322 bytes (order 268435456).
LogPakFile: Added compressed file "AVGame/Content/Localization/Game_GT_Misc/es-ES/Game_GT_Misc.locres", 30.24% of original size. Compressed Size 134449 bytes, Original Size 444564 bytes (order 268435456).
LogPakFile: Added compressed file "AVGame/Content/Localization/Game_GT_Misc/es-MX/Game_GT_Misc.locres", 30.05% of original size. Compressed Size 133826 bytes, Original Size 445330 bytes (order 268435456).
LogPakFile: Added compressed file "AVGame/Content/Localization/Game_GT_Misc/fr-FR/Game_GT_Misc.locres", 29.65% of original size. Compressed Size 135743 bytes, Original Size 457878 bytes (order 268435456).
LogPakFile: Added compressed file "AVGame/Content/Localization/Game_GT_Misc/it-IT/Game_GT_Misc.locres", 29.91% of original size. Compressed Size 133831 bytes, Original Size 447474 bytes (order 268435456).
LogPakFile: Added compressed file "AVGame/Content/Localization/Game_GT_Misc/ja-JP/Game_GT_Misc.locres", 30.99% of original size. Compressed Size 129943 bytes, Original Size 419322 bytes (order 268435456).
LogPakFile: Added compressed file "AVGame/Content/Localization/Game_GT_Misc/ko-KR/Game_GT_Misc.locres", 30.99% of original size. Compressed Size 129943 bytes, Original Size 419322 bytes (order 268435456).
LogPakFile: Added compressed file "AVGame/Content/Localization/Game_GT_Misc/pl-PL/Game_GT_Misc.locres", 31.84% of original size. Compressed Size 136892 bytes, Original Size 429876 bytes (order 268435456).
LogPakFile: Added compressed file "AVGame/Content/Localization/Game_GT_Misc/pt-BR/Game_GT_Misc.locres", 30.81% of original size. Compressed Size 132642 bytes, Original Size 430578 bytes (order 268435456).
LogPakFile: Added compressed file "AVGame/Content/Localization/Game_GT_Misc/ru-RU/Game_GT_Misc.locres", 31.54% of original size. Compressed Size 131094 bytes, Original Size 415676 bytes (order 268435456).
LogPakFile: Added compressed file "AVGame/Content/Localization/Game_GT_Misc/zh-Hans-CN/Game_GT_Misc.locres", 43.85% of original size. Compressed Size 121166 bytes, Original Size 276292 bytes (order 268435456).
LogPakFile: Added compressed file "AVGame/Content/Localization/Game_GT_Online/de-DE/Game_GT_Online.locres", 27.21% of original size. Compressed Size 10548 bytes, Original Size 38768 bytes (order 268435456).
LogPakFile: Added compressed file "AVGame/Content/Localization/Game_GT_Online/en-US/Game_GT_Online.locres", 28.12% of original size. Compressed Size 9946 bytes, Original Size 35366 bytes (order 268435456).
LogPakFile: Added compressed file "AVGame/Content/Localization/Game_GT_Online/en/Game_GT_Online.locres", 28.12% of original size. Compressed Size 9946 bytes, Original Size 35366 bytes (order 268435456).
LogPakFile: Added compressed file "AVGame/Content/Localization/Game_GT_Online/es-ES/Game_GT_Online.locres", 27.75% of original size. Compressed Size 10109 bytes, Original Size 36424 bytes (order 268435456).
LogPakFile: Added compressed file "AVGame/Content/Localization/Game_GT_Online/es-MX/Game_GT_Online.locres", 27.30% of original size. Compressed Size 10226 bytes, Original Size 37460 bytes (order 268435456).
LogPakFile: Added compressed file "AVGame/Content/Localization/Game_GT_Online/fr-FR/Game_GT_Online.locres", 26.42% of original size. Compressed Size 10332 bytes, Original Size 39114 bytes (order 268435456).
LogPakFile: Added compressed file "AVGame/Content/Localization/Game_GT_Online/it-IT/Game_GT_Online.locres", 27.09% of original size. Compressed Size 10220 bytes, Original Size 37720 bytes (order 268435456).
LogPakFile: Added compressed file "AVGame/Content/Localization/Game_GT_Online/ja-JP/Game_GT_Online.locres", 28.12% of original size. Compressed Size 9946 bytes, Original Size 35366 bytes (order 268435456).
LogPakFile: Added compressed file "AVGame/Content/Localization/Game_GT_Online/ko-KR/Game_GT_Online.locres", 28.12% of original size. Compressed Size 9946 bytes, Original Size 35366 bytes (order 268435456).
LogPakFile: Added compressed file "AVGame/Content/Localization/Game_GT_Online/pl-PL/Game_GT_Online.locres", 28.77% of original size. Compressed Size 10255 bytes, Original Size 35646 bytes (order 268435456).
LogPakFile: Added compressed file "AVGame/Content/Localization/Game_GT_Online/pt-BR/Game_GT_Online.locres", 28.18% of original size. Compressed Size 10074 bytes, Original Size 35744 bytes (order 268435456).
LogPakFile: Added compressed file "AVGame/Content/Localization/Game_GT_Online/ru-RU/Game_GT_Online.locres", 28.92% of original size. Compressed Size 10056 bytes, Original Size 34768 bytes (order 268435456).
LogPakFile: Added compressed file "AVGame/Content/Localization/Game_GT_Online/zh-Hans-CN/Game_GT_Online.locres", 39.78% of original size. Compressed Size 9270 bytes, Original Size 23304 bytes (order 268435456).
LogPakFile: Added compressed file "AVGame/Content/Localization/Game_GT_UI/de-DE/Game_GT_UI.locres", 36.43% of original size. Compressed Size 53403 bytes, Original Size 146580 bytes (order 268435456).
LogPakFile: Added compressed file "AVGame/Content/Localization/Game_GT_UI/en-US/Game_GT_UI.locres", 36.88% of original size. Compressed Size 51641 bytes, Original Size 140030 bytes (order 268435456).
LogPakFile: Added compressed file "AVGame/Content/Localization/Game_GT_UI/en/Game_GT_UI.locres", 36.90% of original size. Compressed Size 51654 bytes, Original Size 140002 bytes (order 268435456).
LogPakFile: Added compressed file "AVGame/Content/Localization/Game_GT_UI/es-ES/Game_GT_UI.locres", 36.07% of original size. Compressed Size 52835 bytes, Original Size 146498 bytes (order 268435456).
LogPakFile: Added compressed file "AVGame/Content/Localization/Game_GT_UI/es-MX/Game_GT_UI.locres", 35.97% of original size. Compressed Size 53339 bytes, Original Size 148280 bytes (order 268435456).
LogPakFile: Added compressed file "AVGame/Content/Localization/Game_GT_UI/fr-FR/Game_GT_UI.locres", 36.09% of original size. Compressed Size 53497 bytes, Original Size 148216 bytes (order 268435456).
LogPakFile: Added compressed file "AVGame/Content/Localization/Game_GT_UI/it-IT/Game_GT_UI.locres", 36.09% of original size. Compressed Size 52793 bytes, Original Size 146262 bytes (order 268435456).
LogPakFile: Added compressed file "AVGame/Content/Localization/Game_GT_UI/ja-JP/Game_GT_UI.locres", 36.84% of original size. Compressed Size 51588 bytes, Original Size 140020 bytes (order 268435456).
LogPakFile: Added compressed file "AVGame/Content/Localization/Game_GT_UI/ko-KR/Game_GT_UI.locres", 36.84% of original size. Compressed Size 51588 bytes, Original Size 140020 bytes (order 268435456).
LogPakFile: Added compressed file "AVGame/Content/Localization/Game_GT_UI/pl-PL/Game_GT_UI.locres", 37.40% of original size. Compressed Size 53285 bytes, Original Size 142472 bytes (order 268435456).
LogPakFile: Added compressed file "AVGame/Content/Localization/Game_GT_UI/pt-BR/Game_GT_UI.locres", 36.40% of original size. Compressed Size 52500 bytes, Original Size 144232 bytes (order 268435456).
LogPakFile: Added compressed file "AVGame/Content/Localization/Game_GT_UI/ru-RU/Game_GT_UI.locres", 36.71% of original size. Compressed Size 53016 bytes, Original Size 144402 bytes (order 268435456).
LogPakFile: Added compressed file "AVGame/Content/Localization/Game_GT_UI/zh-Hans-CN/Game_GT_UI.locres", 41.80% of original size. Compressed Size 48737 bytes, Original Size 116584 bytes (order 268435456).
LogPakFile: Added compressed file "AVGame/Content/Localization/Game_VO_Citizens/de-DE/Game_VO_Citizens.locres", 31.77% of original size. Compressed Size 594007 bytes, Original Size 1869488 bytes (order 268435456).
LogPakFile: Added compressed file "AVGame/Content/Localization/Game_VO_Citizens/en-US/Game_VO_Citizens.locres", 32.11% of original size. Compressed Size 548789 bytes, Original Size 1709184 bytes (order 268435456).
LogPakFile: Added compressed file "AVGame/Content/Localization/Game_VO_Citizens/en/Game_VO_Citizens.locres", 32.11% of original size. Compressed Size 548789 bytes, Original Size 1709184 bytes (order 268435456).
LogPakFile: Added compressed file "AVGame/Content/Localization/Game_VO_Citizens/es-ES/Game_VO_Citizens.locres", 32.35% of original size. Compressed Size 579347 bytes, Original Size 1790780 bytes (order 268435456).
LogPakFile: Added compressed file "AVGame/Content/Localization/Game_VO_Citizens/es-MX/Game_VO_Citizens.locres", 32.03% of original size. Compressed Size 576316 bytes, Original Size 1799198 bytes (order 268435456).
LogPakFile: Added compressed file "AVGame/Content/Localization/Game_VO_Citizens/fr-FR/Game_VO_Citizens.locres", 31.23% of original size. Compressed Size 599748 bytes, Original Size 1920232 bytes (order 268435456).
LogPakFile: Added compressed file "AVGame/Content/Localization/Game_VO_Citizens/it-IT/Game_VO_Citizens.locres", 31.91% of original size. Compressed Size 574536 bytes, Original Size 1800706 bytes (order 268435456).
LogPakFile: Added compressed file "AVGame/Content/Localization/Game_VO_Citizens/ja-JP/Game_VO_Citizens.locres", 32.11% of original size. Compressed Size 548789 bytes, Original Size 1709184 bytes (order 268435456).
LogPakFile: Added compressed file "AVGame/Content/Localization/Game_VO_Citizens/ko-KR/Game_VO_Citizens.locres", 32.11% of original size. Compressed Size 548789 bytes, Original Size 1709184 bytes (order 268435456).
LogPakFile: Added compressed file "AVGame/Content/Localization/Game_VO_Citizens/pl-PL/Game_VO_Citizens.locres", 33.82% of original size. Compressed Size 616534 bytes, Original Size 1823062 bytes (order 268435456).
LogPakFile: Added compressed file "AVGame/Content/Localization/Game_VO_Citizens/pt-BR/Game_VO_Citizens.locres", 32.33% of original size. Compressed Size 567620 bytes, Original Size 1755690 bytes (order 268435456).
LogPakFile: Added compressed file "AVGame/Content/Localization/Game_VO_Citizens/ru-RU/Game_VO_Citizens.locres", 34.57% of original size. Compressed Size 557816 bytes, Original Size 1613722 bytes (order 268435456).
LogPakFile: Added compressed file "AVGame/Content/Localization/Game_VO_Citizens/zh-Hans-CN/Game_VO_Citizens.locres", 51.03% of original size. Compressed Size 502237 bytes, Original Size 984286 bytes (order 268435456).
LogPakFile: Added compressed file "AVGame/Content/Localization/Game_VO_Enemies/de-DE/Game_VO_Enemies.locres", 31.84% of original size. Compressed Size 38252 bytes, Original Size 120124 bytes (order 268435456).
LogPakFile: Added compressed file "AVGame/Content/Localization/Game_VO_Enemies/en-US/Game_VO_Enemies.locres", 31.24% of original size. Compressed Size 35845 bytes, Original Size 114746 bytes (order 268435456).
LogPakFile: Added compressed file "AVGame/Content/Localization/Game_VO_Enemies/en/Game_VO_Enemies.locres", 31.24% of original size. Compressed Size 35845 bytes, Original Size 114746 bytes (order 268435456).
LogPakFile: Added compressed file "AVGame/Content/Localization/Game_VO_Enemies/es-ES/Game_VO_Enemies.locres", 32.13% of original size. Compressed Size 38036 bytes, Original Size 118390 bytes (order 268435456).
LogPakFile: Added compressed file "AVGame/Content/Localization/Game_VO_Enemies/es-MX/Game_VO_Enemies.locres", 32.03% of original size. Compressed Size 37847 bytes, Original Size 118158 bytes (order 268435456).
LogPakFile: Added compressed file "AVGame/Content/Localization/Game_VO_Enemies/fr-FR/Game_VO_Enemies.locres", 31.45% of original size. Compressed Size 38568 bytes, Original Size 122630 bytes (order 268435456).
LogPakFile: Added compressed file "AVGame/Content/Localization/Game_VO_Enemies/it-IT/Game_VO_Enemies.locres", 31.44% of original size. Compressed Size 37073 bytes, Original Size 117900 bytes (order 268435456).
LogPakFile: Added compressed file "AVGame/Content/Localization/Game_VO_Enemies/ja-JP/Game_VO_Enemies.locres", 31.24% of original size. Compressed Size 35845 bytes, Original Size 114746 bytes (order 268435456).
LogPakFile: Added compressed file "AVGame/Content/Localization/Game_VO_Enemies/ko-KR/Game_VO_Enemies.locres", 31.24% of original size. Compressed Size 35845 bytes, Original Size 114746 bytes (order 268435456).
LogPakFile: Added compressed file "AVGame/Content/Localization/Game_VO_Enemies/pl-PL/Game_VO_Enemies.locres", 31.90% of original size. Compressed Size 37646 bytes, Original Size 118026 bytes (order 268435456).
LogPakFile: Added compressed file "AVGame/Content/Localization/Game_VO_Enemies/pt-BR/Game_VO_Enemies.locres", 32.27% of original size. Compressed Size 37671 bytes, Original Size 116738 bytes (order 268435456).
LogPakFile: Added compressed file "AVGame/Content/Localization/Game_VO_Enemies/ru-RU/Game_VO_Enemies.locres", 33.66% of original size. Compressed Size 37918 bytes, Original Size 112644 bytes (order 268435456).
LogPakFile: Added compressed file "AVGame/Content/Localization/Game_VO_Enemies/zh-Hans-CN/Game_VO_Enemies.locres", 37.19% of original size. Compressed Size 36406 bytes, Original Size 97894 bytes (order 268435456).
LogPakFile: Added compressed file "AVGame/Content/Localization/Game_VO_Misc/de-DE/Game_VO_Misc.locres", 32.75% of original size. Compressed Size 16409 bytes, Original Size 50104 bytes (order 268435456).
LogPakFile: Added compressed file "AVGame/Content/Localization/Game_VO_Misc/en-US/Game_VO_Misc.locres", 33.76% of original size. Compressed Size 15278 bytes, Original Size 45250 bytes (order 268435456).
LogPakFile: Added compressed file "AVGame/Content/Localization/Game_VO_Misc/en/Game_VO_Misc.locres", 33.76% of original size. Compressed Size 15278 bytes, Original Size 45250 bytes (order 268435456).
LogPakFile: Added compressed file "AVGame/Content/Localization/Game_VO_Misc/es-ES/Game_VO_Misc.locres", 32.94% of original size. Compressed Size 16068 bytes, Original Size 48786 bytes (order 268435456).
LogPakFile: Added compressed file "AVGame/Content/Localization/Game_VO_Misc/es-MX/Game_VO_Misc.locres", 32.76% of original size. Compressed Size 16162 bytes, Original Size 49330 bytes (order 268435456).
LogPakFile: Added compressed file "AVGame/Content/Localization/Game_VO_Misc/fr-FR/Game_VO_Misc.locres", 32.57% of original size. Compressed Size 16473 bytes, Original Size 50576 bytes (order 268435456).
LogPakFile: Added compressed file "AVGame/Content/Localization/Game_VO_Misc/it-IT/Game_VO_Misc.locres", 32.41% of original size. Compressed Size 15980 bytes, Original Size 49300 bytes (order 268435456).
LogPakFile: Added compressed file "AVGame/Content/Localization/Game_VO_Misc/ja-JP/Game_VO_Misc.locres", 33.76% of original size. Compressed Size 15278 bytes, Original Size 45250 bytes (order 268435456).
LogPakFile: Added compressed file "AVGame/Content/Localization/Game_VO_Misc/ko-KR/Game_VO_Misc.locres", 33.76% of original size. Compressed Size 15278 bytes, Original Size 45250 bytes (order 268435456).
LogPakFile: Added compressed file "AVGame/Content/Localization/Game_VO_Misc/pl-PL/Game_VO_Misc.locres", 35.29% of original size. Compressed Size 16545 bytes, Original Size 46888 bytes (order 268435456).
LogPakFile: Added compressed file "AVGame/Content/Localization/Game_VO_Misc/pt-BR/Game_VO_Misc.locres", 32.70% of original size. Compressed Size 15731 bytes, Original Size 48100 bytes (order 268435456).
LogPakFile: Added compressed file "AVGame/Content/Localization/Game_VO_Misc/ru-RU/Game_VO_Misc.locres", 35.71% of original size. Compressed Size 15083 bytes, Original Size 42232 bytes (order 268435456).
LogPakFile: Added compressed file "AVGame/Content/Localization/Game_VO_Misc/zh-Hans-CN/Game_VO_Misc.locres", 53.66% of original size. Compressed Size 14577 bytes, Original Size 27166 bytes (order 268435456).
LogPakFile: Added compressed file "AVGame/Content/Localization/Game_VO_Missions/de-DE/Game_VO_Missions.locres", 32.52% of original size. Compressed Size 255436 bytes, Original Size 785534 bytes (order 268435456).
LogPakFile: Added compressed file "AVGame/Content/Localization/Game_VO_Missions/en-US/Game_VO_Missions.locres", 33.09% of original size. Compressed Size 237477 bytes, Original Size 717680 bytes (order 268435456).
LogPakFile: Added compressed file "AVGame/Content/Localization/Game_VO_Missions/en/Game_VO_Missions.locres", 33.09% of original size. Compressed Size 237477 bytes, Original Size 717680 bytes (order 268435456).
LogPakFile: Added compressed file "AVGame/Content/Localization/Game_VO_Missions/es-ES/Game_VO_Missions.locres", 33.28% of original size. Compressed Size 250759 bytes, Original Size 753372 bytes (order 268435456).
LogPakFile: Added compressed file "AVGame/Content/Localization/Game_VO_Missions/es-MX/Game_VO_Missions.locres", 33.18% of original size. Compressed Size 249831 bytes, Original Size 753070 bytes (order 268435456).
LogPakFile: Added compressed file "AVGame/Content/Localization/Game_VO_Missions/fr-FR/Game_VO_Missions.locres", 32.63% of original size. Compressed Size 255733 bytes, Original Size 783740 bytes (order 268435456).
LogPakFile: Added compressed file "AVGame/Content/Localization/Game_VO_Missions/it-IT/Game_VO_Missions.locres", 33.07% of original size. Compressed Size 246227 bytes, Original Size 744460 bytes (order 268435456).
LogPakFile: Added compressed file "AVGame/Content/Localization/Game_VO_Missions/ja-JP/Game_VO_Missions.locres", 33.09% of original size. Compressed Size 237477 bytes, Original Size 717680 bytes (order 268435456).
LogPakFile: Added compressed file "AVGame/Content/Localization/Game_VO_Missions/ko-KR/Game_VO_Missions.locres", 33.09% of original size. Compressed Size 237477 bytes, Original Size 717680 bytes (order 268435456).
LogPakFile: Added compressed file "AVGame/Content/Localization/Game_VO_Missions/pl-PL/Game_VO_Missions.locres", 34.92% of original size. Compressed Size 257141 bytes, Original Size 736384 bytes (order 268435456).
LogPakFile: Added compressed file "AVGame/Content/Localization/Game_VO_Missions/pt-BR/Game_VO_Missions.locres", 33.12% of original size. Compressed Size 247903 bytes, Original Size 748602 bytes (order 268435456).
LogPakFile: Added compressed file "AVGame/Content/Localization/Game_VO_Missions/ru-RU/Game_VO_Missions.locres", 35.35% of original size. Compressed Size 237838 bytes, Original Size 672902 bytes (order 268435456).
LogPakFile: Added compressed file "AVGame/Content/Localization/Game_VO_Missions/zh-Hans-CN/Game_VO_Missions.locres", 51.59% of original size. Compressed Size 219925 bytes, Original Size 426320 bytes (order 268435456).
LogPakFile: Added compressed file "Engine/Content/Internationalization/icudt53l/brkitr/char.brk", 10.98% of original size. Compressed Size 1804 bytes, Original Size 16424 bytes (order 268435456).
LogPakFile: Added compressed file "Engine/Content/Internationalization/icudt53l/brkitr/de.res", 48.25% of original size. Compressed Size 938 bytes, Original Size 1944 bytes (order 268435456).
LogPakFile: Added compressed file "Engine/Content/Internationalization/icudt53l/brkitr/en.res", 60.88% of original size. Compressed Size 263 bytes, Original Size 432 bytes (order 268435456).
LogPakFile: Added compressed file "Engine/Content/Internationalization/icudt53l/brkitr/en_US.res", 72.00% of original size. Compressed Size 72 bytes, Original Size 100 bytes (order 268435456).
LogPakFile: Added compressed file "Engine/Content/Internationalization/icudt53l/brkitr/en_US_POSIX.res", 81.38% of original size. Compressed Size 153 bytes, Original Size 188 bytes (order 268435456).
LogPakFile: Added compressed file "Engine/Content/Internationalization/icudt53l/brkitr/es.res", 45.74% of original size. Compressed Size 719 bytes, Original Size 1572 bytes (order 268435456).
LogPakFile: Added compressed file "Engine/Content/Internationalization/icudt53l/brkitr/fr.res", 52.08% of original size. Compressed Size 525 bytes, Original Size 1008 bytes (order 268435456).
LogPakFile: Added compressed file "Engine/Content/Internationalization/icudt53l/brkitr/it.res", 55.99% of original size. Compressed Size 318 bytes, Original Size 568 bytes (order 268435456).
LogPakFile: Added compressed file "Engine/Content/Internationalization/icudt53l/brkitr/line.brk", 9.84% of original size. Compressed Size 11402 bytes, Original Size 115888 bytes (order 268435456).
LogPakFile: Added compressed file "Engine/Content/Internationalization/icudt53l/brkitr/pt.res", 46.99% of original size. Compressed Size 1092 bytes, Original Size 2324 bytes (order 268435456).
LogPakFile: Added compressed file "Engine/Content/Internationalization/icudt53l/brkitr/res_index.res", 73.21% of original size. Compressed Size 123 bytes, Original Size 168 bytes (order 268435456).
LogPakFile: Added compressed file "Engine/Content/Internationalization/icudt53l/brkitr/root.res", 57.60% of original size. Compressed Size 288 bytes, Original Size 500 bytes (order 268435456).
LogPakFile: Added compressed file "Engine/Content/Internationalization/icudt53l/brkitr/ru.res", 66.76% of original size. Compressed Size 235 bytes, Original Size 352 bytes (order 268435456).
LogPakFile: Added compressed file "Engine/Content/Internationalization/icudt53l/brkitr/sent.brk", 12.72% of original size. Compressed Size 3897 bytes, Original Size 30640 bytes (order 268435456).
LogPakFile: Added compressed file "Engine/Content/Internationalization/icudt53l/brkitr/title.brk", 11.22% of original size. Compressed Size 1721 bytes, Original Size 15336 bytes (order 268435456).
LogPakFile: Added compressed file "Engine/Content/Internationalization/icudt53l/brkitr/word.brk", 11.61% of original size. Compressed Size 4899 bytes, Original Size 42200 bytes (order 268435456).
LogPakFile: Added compressed file "Engine/Content/Internationalization/icudt53l/brkitr/word_POSIX.brk", 11.62% of original size. Compressed Size 4907 bytes, Original Size 42216 bytes (order 268435456).
LogPakFile: Added compressed file "Engine/Content/Internationalization/icudt53l/cnvalias.icu", 43.13% of original size. Compressed Size 27573 bytes, Original Size 63926 bytes (order 268435456).
LogPakFile: Added compressed file "Engine/Content/Internationalization/icudt53l/coll/cs.res", 21.71% of original size. Compressed Size 5261 bytes, Original Size 24236 bytes (order 268435456).
LogPakFile: Added compressed file "Engine/Content/Internationalization/icudt53l/coll/de.res", 16.77% of original size. Compressed Size 3673 bytes, Original Size 21896 bytes (order 268435456).
LogPakFile: Added compressed file "Engine/Content/Internationalization/icudt53l/coll/de_.res", 68.42% of original size. Compressed Size 52 bytes, Original Size 76 bytes (order 268435456).
LogPakFile: Added compressed file "Engine/Content/Internationalization/icudt53l/coll/en.res", 72.00% of original size. Compressed Size 72 bytes, Original Size 100 bytes (order 268435456).
LogPakFile: Added compressed file "Engine/Content/Internationalization/icudt53l/coll/en_US.res", 70.00% of original size. Compressed Size 70 bytes, Original Size 100 bytes (order 268435456).
LogPakFile: Added compressed file "Engine/Content/Internationalization/icudt53l/coll/en_US_POSIX.res", 21.28% of original size. Compressed Size 3409 bytes, Original Size 16020 bytes (order 268435456).
LogPakFile: Added compressed file "Engine/Content/Internationalization/icudt53l/coll/es.res", 15.80% of original size. Compressed Size 4188 bytes, Original Size 26504 bytes (order 268435456).
LogPakFile: Added compressed file "Engine/Content/Internationalization/icudt53l/coll/es_.res", 68.42% of original size. Compressed Size 52 bytes, Original Size 76 bytes (order 268435456).
LogPakFile: Added compressed file "Engine/Content/Internationalization/icudt53l/coll/fr.res", 72.00% of original size. Compressed Size 72 bytes, Original Size 100 bytes (order 268435456).
LogPakFile: Added compressed file "Engine/Content/Internationalization/icudt53l/coll/it.res", 72.00% of original size. Compressed Size 72 bytes, Original Size 100 bytes (order 268435456).
LogPakFile: Added compressed file "Engine/Content/Internationalization/icudt53l/coll/pl.res", 22.77% of original size. Compressed Size 2342 bytes, Original Size 10284 bytes (order 268435456).
LogPakFile: Added compressed file "Engine/Content/Internationalization/icudt53l/coll/pt.res", 72.00% of original size. Compressed Size 72 bytes, Original Size 100 bytes (order 268435456).
LogPakFile: Added compressed file "Engine/Content/Internationalization/icudt53l/coll/res_index.res", 73.40% of original size. Compressed Size 138 bytes, Original Size 188 bytes (order 268435456).
LogPakFile: Added compressed file "Engine/Content/Internationalization/icudt53l/coll/root.res", 34.40% of original size. Compressed Size 59851 bytes, Original Size 173968 bytes (order 268435456).
LogPakFile: Added compressed file "Engine/Content/Internationalization/icudt53l/coll/ru.res", 19.01% of original size. Compressed Size 1466 bytes, Original Size 7712 bytes (order 268435456).
LogPakFile: Added compressed file "Engine/Content/Internationalization/icudt53l/coll/ucadata.icu", 36.53% of original size. Compressed Size 55523 bytes, Original Size 151984 bytes (order 268435456).
LogPakFile: Added compressed file "Engine/Content/Internationalization/icudt53l/coll/zh.res", 50.04% of original size. Compressed Size 450406 bytes, Original Size 900104 bytes (order 268435456).
LogPakFile: Added compressed file "Engine/Content/Internationalization/icudt53l/coll/zh_CN.res", 75.00% of original size. Compressed Size 78 bytes, Original Size 104 bytes (order 268435456).
LogPakFile: Added compressed file "Engine/Content/Internationalization/icudt53l/coll/zh_Hans.res", 68.42% of original size. Compressed Size 52 bytes, Original Size 76 bytes (order 268435456).
LogPakFile: Added compressed file "Engine/Content/Internationalization/icudt53l/coll/zh_Hans_CN.res", 68.42% of original size. Compressed Size 52 bytes, Original Size 76 bytes (order 268435456).
LogPakFile: Added compressed file "Engine/Content/Internationalization/icudt53l/confusables.cfu", 34.58% of original size. Compressed Size 25331 bytes, Original Size 73248 bytes (order 268435456).
LogPakFile: Added compressed file "Engine/Content/Internationalization/icudt53l/cs.res", 33.28% of original size. Compressed Size 6103 bytes, Original Size 18340 bytes (order 268435456).
LogPakFile: Added compressed file "Engine/Content/Internationalization/icudt53l/cs_CZ.res", 72.92% of original size. Compressed Size 70 bytes, Original Size 96 bytes (order 268435456).
LogPakFile: Added compressed file "Engine/Content/Internationalization/icudt53l/curr/cs.res", 27.27% of original size. Compressed Size 13810 bytes, Original Size 50644 bytes (order 268435456).
LogPakFile: Added compressed file "Engine/Content/Internationalization/icudt53l/curr/de.res", 31.75% of original size. Compressed Size 9354 bytes, Original Size 29460 bytes (order 268435456).
LogPakFile: Added compressed file "Engine/Content/Internationalization/icudt53l/curr/en.res", 26.77% of original size. Compressed Size 11974 bytes, Original Size 44732 bytes (order 268435456).
LogPakFile: Added compressed file "Engine/Content/Internationalization/icudt53l/curr/es.res", 33.02% of original size. Compressed Size 9872 bytes, Original Size 29896 bytes (order 268435456).
LogPakFile: Added compressed file "Engine/Content/Internationalization/icudt53l/curr/es_MX.res", 35.13% of original size. Compressed Size 6518 bytes, Original Size 18552 bytes (order 268435456).
LogPakFile: Added compressed file "Engine/Content/Internationalization/icudt53l/curr/fr.res", 31.07% of original size. Compressed Size 10412 bytes, Original Size 33512 bytes (order 268435456).
LogPakFile: Added compressed file "Engine/Content/Internationalization/icudt53l/curr/it.res", 32.37% of original size. Compressed Size 9394 bytes, Original Size 29024 bytes (order 268435456).
LogPakFile: Added compressed file "Engine/Content/Internationalization/icudt53l/curr/pl.res", 28.79% of original size. Compressed Size 11693 bytes, Original Size 40608 bytes (order 268435456).
LogPakFile: Added compressed file "Engine/Content/Internationalization/icudt53l/curr/pool.res", 61.34% of original size. Compressed Size 1266 bytes, Original Size 2064 bytes (order 268435456).
LogPakFile: Added compressed file "Engine/Content/Internationalization/icudt53l/curr/pt.res", 30.30% of original size. Compressed Size 11968 bytes, Original Size 39500 bytes (order 268435456).
LogPakFile: Added compressed file "Engine/Content/Internationalization/icudt53l/curr/res_index.res", 75.54% of original size. Compressed Size 139 bytes, Original Size 184 bytes (order 268435456).
LogPakFile: Added compressed file "Engine/Content/Internationalization/icudt53l/curr/root.res", 61.01% of original size. Compressed Size 471 bytes, Original Size 772 bytes (order 268435456).
LogPakFile: Added compressed file "Engine/Content/Internationalization/icudt53l/curr/ru.res", 28.08% of original size. Compressed Size 11750 bytes, Original Size 41840 bytes (order 268435456).
LogPakFile: Added compressed file "Engine/Content/Internationalization/icudt53l/curr/supplementalData.res", 41.35% of original size. Compressed Size 10551 bytes, Original Size 25516 bytes (order 268435456).
LogPakFile: Added compressed file "Engine/Content/Internationalization/icudt53l/curr/zh.res", 53.92% of original size. Compressed Size 6861 bytes, Original Size 12724 bytes (order 268435456).
LogPakFile: Added compressed file "Engine/Content/Internationalization/icudt53l/curr/zh_CN.res", 78.00% of original size. Compressed Size 78 bytes, Original Size 100 bytes (order 268435456).
LogPakFile: Added compressed file "Engine/Content/Internationalization/icudt53l/curr/zh_Hans.res", 70.83% of original size. Compressed Size 68 bytes, Original Size 96 bytes (order 268435456).
LogPakFile: Added compressed file "Engine/Content/Internationalization/icudt53l/curr/zh_Hans_CN.res", 73.68% of original size. Compressed Size 56 bytes, Original Size 76 bytes (order 268435456).
LogPakFile: Added compressed file "Engine/Content/Internationalization/icudt53l/de.res", 36.39% of original size. Compressed Size 5328 bytes, Original Size 14640 bytes (order 268435456).
LogPakFile: Added compressed file "Engine/Content/Internationalization/icudt53l/de_DE.res", 72.92% of original size. Compressed Size 70 bytes, Original Size 96 bytes (order 268435456).
LogPakFile: Added compressed file "Engine/Content/Internationalization/icudt53l/en.res", 36.29% of original size. Compressed Size 5861 bytes, Original Size 16152 bytes (order 268435456).
LogPakFile: Added compressed file "Engine/Content/Internationalization/icudt53l/en_US.res", 72.92% of original size. Compressed Size 70 bytes, Original Size 96 bytes (order 268435456).
LogPakFile: Added compressed file "Engine/Content/Internationalization/icudt53l/en_US_POSIX.res", 68.55% of original size. Compressed Size 170 bytes, Original Size 248 bytes (order 268435456).
LogPakFile: Added compressed file "Engine/Content/Internationalization/icudt53l/es.res", 35.28% of original size. Compressed Size 5843 bytes, Original Size 16564 bytes (order 268435456).
LogPakFile: Added compressed file "Engine/Content/Internationalization/icudt53l/es_ES.res", 72.92% of original size. Compressed Size 70 bytes, Original Size 96 bytes (order 268435456).
LogPakFile: Added compressed file "Engine/Content/Internationalization/icudt53l/es_MX.res", 35.11% of original size. Compressed Size 4646 bytes, Original Size 13232 bytes (order 268435456).
LogPakFile: Added compressed file "Engine/Content/Internationalization/icudt53l/fr.res", 35.80% of original size. Compressed Size 6525 bytes, Original Size 18228 bytes (order 268435456).
LogPakFile: Added compressed file "Engine/Content/Internationalization/icudt53l/fr_FR.res", 72.92% of original size. Compressed Size 70 bytes, Original Size 96 bytes (order 268435456).
LogPakFile: Added compressed file "Engine/Content/Internationalization/icudt53l/ibm-1047_P100-1995.cnv", 47.32% of original size. Compressed Size 1271 bytes, Original Size 2686 bytes (order 268435456).
LogPakFile: Added compressed file "Engine/Content/Internationalization/icudt53l/ibm-37_P100-1995.cnv", 45.80% of original size. Compressed Size 1276 bytes, Original Size 2786 bytes (order 268435456).
LogPakFile: Added compressed file "Engine/Content/Internationalization/icudt53l/it.res", 35.44% of original size. Compressed Size 5390 bytes, Original Size 15208 bytes (order 268435456).
LogPakFile: Added compressed file "Engine/Content/Internationalization/icudt53l/it_IT.res", 72.92% of original size. Compressed Size 70 bytes, Original Size 96 bytes (order 268435456).
LogPakFile: Added compressed file "Engine/Content/Internationalization/icudt53l/keyTypeData.res", 56.11% of original size. Compressed Size 707 bytes, Original Size 1260 bytes (order 268435456).
LogPakFile: Added compressed file "Engine/Content/Internationalization/icudt53l/lang/cs.res", 37.81% of original size. Compressed Size 8540 bytes, Original Size 22584 bytes (order 268435456).
LogPakFile: Added compressed file "Engine/Content/Internationalization/icudt53l/lang/de.res", 36.96% of original size. Compressed Size 8488 bytes, Original Size 22964 bytes (order 268435456).
LogPakFile: Added compressed file "Engine/Content/Internationalization/icudt53l/lang/en.res", 41.39% of original size. Compressed Size 9289 bytes, Original Size 22440 bytes (order 268435456).
LogPakFile: Added compressed file "Engine/Content/Internationalization/icudt53l/lang/es.res", 40.96% of original size. Compressed Size 7887 bytes, Original Size 19256 bytes (order 268435456).
LogPakFile: Added compressed file "Engine/Content/Internationalization/icudt53l/lang/es_MX.res", 42.58% of original size. Compressed Size 2475 bytes, Original Size 5812 bytes (order 268435456).
LogPakFile: Added compressed file "Engine/Content/Internationalization/icudt53l/lang/fr.res", 40.08% of original size. Compressed Size 8567 bytes, Original Size 21376 bytes (order 268435456).
LogPakFile: Added compressed file "Engine/Content/Internationalization/icudt53l/lang/it.res", 40.00% of original size. Compressed Size 8954 bytes, Original Size 22384 bytes (order 268435456).
LogPakFile: Added compressed file "Engine/Content/Internationalization/icudt53l/lang/pl.res", 39.12% of original size. Compressed Size 8801 bytes, Original Size 22500 bytes (order 268435456).
LogPakFile: Added compressed file "Engine/Content/Internationalization/icudt53l/lang/pool.res", 61.63% of original size. Compressed Size 2475 bytes, Original Size 4016 bytes (order 268435456).
LogPakFile: Added compressed file "Engine/Content/Internationalization/icudt53l/lang/pt.res", 40.24% of original size. Compressed Size 8529 bytes, Original Size 21196 bytes (order 268435456).
LogPakFile: Added compressed file "Engine/Content/Internationalization/icudt53l/lang/res_index.res", 75.54% of original size. Compressed Size 139 bytes, Original Size 184 bytes (order 268435456).
LogPakFile: Added compressed file "Engine/Content/Internationalization/icudt53l/lang/root.res", 66.67% of original size. Compressed Size 136 bytes, Original Size 204 bytes (order 268435456).
LogPakFile: Added compressed file "Engine/Content/Internationalization/icudt53l/lang/ru.res", 38.99% of original size. Compressed Size 9377 bytes, Original Size 24052 bytes (order 268435456).
LogPakFile: Added compressed file "Engine/Content/Internationalization/icudt53l/lang/zh.res", 64.41% of original size. Compressed Size 8175 bytes, Original Size 12692 bytes (order 268435456).
LogPakFile: Added compressed file "Engine/Content/Internationalization/icudt53l/lang/zh_CN.res", 78.00% of original size. Compressed Size 78 bytes, Original Size 100 bytes (order 268435456).
LogPakFile: Added compressed file "Engine/Content/Internationalization/icudt53l/lang/zh_Hans.res", 70.83% of original size. Compressed Size 68 bytes, Original Size 96 bytes (order 268435456).
LogPakFile: Added compressed file "Engine/Content/Internationalization/icudt53l/lang/zh_Hans_CN.res", 73.68% of original size. Compressed Size 56 bytes, Original Size 76 bytes (order 268435456).
LogPakFile: Added compressed file "Engine/Content/Internationalization/icudt53l/metaZones.res", 39.75% of original size. Compressed Size 15916 bytes, Original Size 40040 bytes (order 268435456).
LogPakFile: Added compressed file "Engine/Content/Internationalization/icudt53l/nfc.nrm", 44.75% of original size. Compressed Size 14864 bytes, Original Size 33216 bytes (order 268435456).
LogPakFile: Added compressed file "Engine/Content/Internationalization/icudt53l/nfkc.nrm", 48.21% of original size. Compressed Size 25178 bytes, Original Size 52224 bytes (order 268435456).
LogPakFile: Added compressed file "Engine/Content/Internationalization/icudt53l/nfkc_cf.nrm", 44.90% of original size. Compressed Size 21976 bytes, Original Size 48944 bytes (order 268435456).
LogPakFile: Added compressed file "Engine/Content/Internationalization/icudt53l/numberingSystems.res", 47.85% of original size. Compressed Size 1646 bytes, Original Size 3440 bytes (order 268435456).
LogPakFile: Added compressed file "Engine/Content/Internationalization/icudt53l/pl.res", 32.31% of original size. Compressed Size 7307 bytes, Original Size 22612 bytes (order 268435456).
LogPakFile: Added compressed file "Engine/Content/Internationalization/icudt53l/pl_PL.res", 72.92% of original size. Compressed Size 70 bytes, Original Size 96 bytes (order 268435456).
LogPakFile: Added compressed file "Engine/Content/Internationalization/icudt53l/plurals.res", 17.45% of original size. Compressed Size 5130 bytes, Original Size 29392 bytes (order 268435456).
LogPakFile: Added compressed file "Engine/Content/Internationalization/icudt53l/pool.res", 50.37% of original size. Compressed Size 1491 bytes, Original Size 2960 bytes (order 268435456).
LogPakFile: Added compressed file "Engine/Content/Internationalization/icudt53l/pt.res", 34.36% of original size. Compressed Size 6094 bytes, Original Size 17736 bytes (order 268435456).
LogPakFile: Added compressed file "Engine/Content/Internationalization/icudt53l/pt_BR.res", 72.92% of original size. Compressed Size 70 bytes, Original Size 96 bytes (order 268435456).
LogPakFile: Added compressed file "Engine/Content/Internationalization/icudt53l/rbnf/cs.res", 20.73% of original size. Compressed Size 792 bytes, Original Size 3820 bytes (order 268435456).
LogPakFile: Added compressed file "Engine/Content/Internationalization/icudt53l/rbnf/de.res", 20.89% of original size. Compressed Size 1053 bytes, Original Size 5040 bytes (order 268435456).
LogPakFile: Added compressed file "Engine/Content/Internationalization/icudt53l/rbnf/en.res", 20.42% of original size. Compressed Size 1797 bytes, Original Size 8800 bytes (order 268435456).
LogPakFile: Added compressed file "Engine/Content/Internationalization/icudt53l/rbnf/es.res", 19.63% of original size. Compressed Size 1897 bytes, Original Size 9664 bytes (order 268435456).
LogPakFile: Added compressed file "Engine/Content/Internationalization/icudt53l/rbnf/es_MX.res", 78.03% of original size. Compressed Size 103 bytes, Original Size 132 bytes (order 268435456).
LogPakFile: Added compressed file "Engine/Content/Internationalization/icudt53l/rbnf/fr.res", 22.13% of original size. Compressed Size 1629 bytes, Original Size 7360 bytes (order 268435456).
LogPakFile: Added compressed file "Engine/Content/Internationalization/icudt53l/rbnf/it.res", 17.66% of original size. Compressed Size 2661 bytes, Original Size 15064 bytes (order 268435456).
LogPakFile: Added compressed file "Engine/Content/Internationalization/icudt53l/rbnf/pl.res", 19.08% of original size. Compressed Size 984 bytes, Original Size 5156 bytes (order 268435456).
LogPakFile: Added compressed file "Engine/Content/Internationalization/icudt53l/rbnf/pt.res", 19.99% of original size. Compressed Size 1750 bytes, Original Size 8756 bytes (order 268435456).
LogPakFile: Added compressed file "Engine/Content/Internationalization/icudt53l/rbnf/res_index.res", 75.58% of original size. Compressed Size 130 bytes, Original Size 172 bytes (order 268435456).
LogPakFile: Added compressed file "Engine/Content/Internationalization/icudt53l/rbnf/root.res", 26.75% of original size. Compressed Size 3643 bytes, Original Size 13620 bytes (order 268435456).
LogPakFile: Added compressed file "Engine/Content/Internationalization/icudt53l/rbnf/ru.res", 22.04% of original size. Compressed Size 907 bytes, Original Size 4116 bytes (order 268435456).
LogPakFile: Added compressed file "Engine/Content/Internationalization/icudt53l/rbnf/zh.res", 18.87% of original size. Compressed Size 1370 bytes, Original Size 7260 bytes (order 268435456).
LogPakFile: Added compressed file "Engine/Content/Internationalization/icudt53l/region/cs.res", 44.68% of original size. Compressed Size 3453 bytes, Original Size 7728 bytes (order 268435456).
LogPakFile: Added compressed file "Engine/Content/Internationalization/icudt53l/region/de.res", 43.68% of original size. Compressed Size 3484 bytes, Original Size 7976 bytes (order 268435456).
LogPakFile: Added compressed file "Engine/Content/Internationalization/icudt53l/region/en.res", 43.82% of original size. Compressed Size 3376 bytes, Original Size 7704 bytes (order 268435456).
LogPakFile: Added compressed file "Engine/Content/Internationalization/icudt53l/region/es.res", 43.18% of original size. Compressed Size 3446 bytes, Original Size 7980 bytes (order 268435456).
LogPakFile: Added compressed file "Engine/Content/Internationalization/icudt53l/region/es_MX.res", 43.22% of original size. Compressed Size 3518 bytes, Original Size 8140 bytes (order 268435456).
LogPakFile: Added compressed file "Engine/Content/Internationalization/icudt53l/region/fr.res", 43.05% of original size. Compressed Size 3558 bytes, Original Size 8264 bytes (order 268435456).
LogPakFile: Added compressed file "Engine/Content/Internationalization/icudt53l/region/it.res", 42.96% of original size. Compressed Size 3416 bytes, Original Size 7952 bytes (order 268435456).
LogPakFile: Added compressed file "Engine/Content/Internationalization/icudt53l/region/pl.res", 43.42% of original size. Compressed Size 3507 bytes, Original Size 8076 bytes (order 268435456).
LogPakFile: Added compressed file "Engine/Content/Internationalization/icudt53l/region/pool.res", 61.73% of original size. Compressed Size 642 bytes, Original Size 1040 bytes (order 268435456).
LogPakFile: Added compressed file "Engine/Content/Internationalization/icudt53l/region/pt.res", 43.54% of original size. Compressed Size 3447 bytes, Original Size 7916 bytes (order 268435456).
LogPakFile: Added compressed file "Engine/Content/Internationalization/icudt53l/region/res_index.res", 75.54% of original size. Compressed Size 139 bytes, Original Size 184 bytes (order 268435456).
LogPakFile: Added compressed file "Engine/Content/Internationalization/icudt53l/region/root.res", 71.88% of original size. Compressed Size 69 bytes, Original Size 96 bytes (order 268435456).
LogPakFile: Added compressed file "Engine/Content/Internationalization/icudt53l/region/ru.res", 44.35% of original size. Compressed Size 3440 bytes, Original Size 7756 bytes (order 268435456).
LogPakFile: Added compressed file "Engine/Content/Internationalization/icudt53l/region/zh.res", 72.93% of original size. Compressed Size 2961 bytes, Original Size 4060 bytes (order 268435456).
LogPakFile: Added compressed file "Engine/Content/Internationalization/icudt53l/region/zh_CN.res", 78.00% of original size. Compressed Size 78 bytes, Original Size 100 bytes (order 268435456).
LogPakFile: Added compressed file "Engine/Content/Internationalization/icudt53l/region/zh_Hans.res", 70.83% of original size. Compressed Size 68 bytes, Original Size 96 bytes (order 268435456).
LogPakFile: Added compressed file "Engine/Content/Internationalization/icudt53l/region/zh_Hans_CN.res", 73.68% of original size. Compressed Size 56 bytes, Original Size 76 bytes (order 268435456).
LogPakFile: Added compressed file "Engine/Content/Internationalization/icudt53l/res_index.res", 67.77% of original size. Compressed Size 225 bytes, Original Size 332 bytes (order 268435456).
LogPakFile: Added compressed file "Engine/Content/Internationalization/icudt53l/root.res", 21.96% of original size. Compressed Size 10507 bytes, Original Size 47856 bytes (order 268435456).
LogPakFile: Added compressed file "Engine/Content/Internationalization/icudt53l/ru.res", 31.46% of original size. Compressed Size 10758 bytes, Original Size 34200 bytes (order 268435456).
LogPakFile: Added compressed file "Engine/Content/Internationalization/icudt53l/ru_RU.res", 72.92% of original size. Compressed Size 70 bytes, Original Size 96 bytes (order 268435456).
LogPakFile: Added compressed file "Engine/Content/Internationalization/icudt53l/timezoneTypes.res", 46.17% of original size. Compressed Size 9002 bytes, Original Size 19496 bytes (order 268435456).
LogPakFile: Added compressed file "Engine/Content/Internationalization/icudt53l/unames.icu", 51.26% of original size. Compressed Size 104678 bytes, Original Size 204208 bytes (order 268435456).
LogPakFile: Added compressed file "Engine/Content/Internationalization/icudt53l/uts46.nrm", 41.32% of original size. Compressed Size 22941 bytes, Original Size 55520 bytes (order 268435456).
LogPakFile: Added compressed file "Engine/Content/Internationalization/icudt53l/windowsZones.res", 35.03% of original size. Compressed Size 7051 bytes, Original Size 20128 bytes (order 268435456).
LogPakFile: Added compressed file "Engine/Content/Internationalization/icudt53l/zh.res", 42.71% of original size. Compressed Size 12544 bytes, Original Size 29368 bytes (order 268435456).
LogPakFile: Added compressed file "Engine/Content/Internationalization/icudt53l/zh_CN.res", 78.00% of original size. Compressed Size 78 bytes, Original Size 100 bytes (order 268435456).
LogPakFile: Added compressed file "Engine/Content/Internationalization/icudt53l/zh_Hans.res", 77.50% of original size. Compressed Size 93 bytes, Original Size 120 bytes (order 268435456).
LogPakFile: Added compressed file "Engine/Content/Internationalization/icudt53l/zh_Hans_CN.res", 72.92% of original size. Compressed Size 70 bytes, Original Size 96 bytes (order 268435456).
LogPakFile: Added compressed file "Engine/Content/Internationalization/icudt53l/zone/cs.res", 28.60% of original size. Compressed Size 6277 bytes, Original Size 21944 bytes (order 268435456).
LogPakFile: Added compressed file "Engine/Content/Internationalization/icudt53l/zone/de.res", 28.40% of original size. Compressed Size 5535 bytes, Original Size 19492 bytes (order 268435456).
LogPakFile: Added compressed file "Engine/Content/Internationalization/icudt53l/zone/en.res", 25.09% of original size. Compressed Size 4088 bytes, Original Size 16296 bytes (order 268435456).
LogPakFile: Added compressed file "Engine/Content/Internationalization/icudt53l/zone/es.res", 26.90% of original size. Compressed Size 6452 bytes, Original Size 23988 bytes (order 268435456).
LogPakFile: Added compressed file "Engine/Content/Internationalization/icudt53l/zone/es_MX.res", 31.57% of original size. Compressed Size 9229 bytes, Original Size 29236 bytes (order 268435456).
LogPakFile: Added compressed file "Engine/Content/Internationalization/icudt53l/zone/fr.res", 26.33% of original size. Compressed Size 6255 bytes, Original Size 23760 bytes (order 268435456).
LogPakFile: Added compressed file "Engine/Content/Internationalization/icudt53l/zone/it.res", 26.03% of original size. Compressed Size 5330 bytes, Original Size 20476 bytes (order 268435456).
LogPakFile: Added compressed file "Engine/Content/Internationalization/icudt53l/zone/pl.res", 31.25% of original size. Compressed Size 6561 bytes, Original Size 20996 bytes (order 268435456).
LogPakFile: Added compressed file "Engine/Content/Internationalization/icudt53l/zone/pool.res", 37.22% of original size. Compressed Size 3502 bytes, Original Size 9408 bytes (order 268435456).
LogPakFile: Added compressed file "Engine/Content/Internationalization/icudt53l/zone/pt.res", 25.70% of original size. Compressed Size 6321 bytes, Original Size 24600 bytes (order 268435456).
LogPakFile: Added compressed file "Engine/Content/Internationalization/icudt53l/zone/res_index.res", 75.54% of original size. Compressed Size 139 bytes, Original Size 184 bytes (order 268435456).
LogPakFile: Added compressed file "Engine/Content/Internationalization/icudt53l/zone/root.res", 49.05% of original size. Compressed Size 726 bytes, Original Size 1480 bytes (order 268435456).
LogPakFile: Added compressed file "Engine/Content/Internationalization/icudt53l/zone/ru.res", 33.82% of original size. Compressed Size 9297 bytes, Original Size 27488 bytes (order 268435456).
LogPakFile: Added compressed file "Engine/Content/Internationalization/icudt53l/zone/zh.res", 52.01% of original size. Compressed Size 8800 bytes, Original Size 16920 bytes (order 268435456).
LogPakFile: Added compressed file "Engine/Content/Internationalization/icudt53l/zone/zh_CN.res", 78.00% of original size. Compressed Size 78 bytes, Original Size 100 bytes (order 268435456).
LogPakFile: Added compressed file "Engine/Content/Internationalization/icudt53l/zone/zh_Hans.res", 70.83% of original size. Compressed Size 68 bytes, Original Size 96 bytes (order 268435456).
LogPakFile: Added compressed file "Engine/Content/Internationalization/icudt53l/zone/zh_Hans_CN.res", 73.68% of original size. Compressed Size 56 bytes, Original Size 76 bytes (order 268435456).
LogPakFile: Added compressed file "Engine/Content/Internationalization/icudt53l/zoneinfo64.res", 40.93% of original size. Compressed Size 61329 bytes, Original Size 149844 bytes (order 268435456).
LogPakFile: Added compressed file "Engine/Content/Localization/Engine/ar/Engine.locres", 23.91% of original size. Compressed Size 6396 bytes, Original Size 26752 bytes (order 268435456).
LogPakFile: Added compressed file "Engine/Content/Localization/Engine/en/Engine.locres", 25.03% of original size. Compressed Size 153155 bytes, Original Size 611786 bytes (order 268435456).
LogPakFile: Added compressed file "Engine/Content/Localization/Engine/es/Engine.locres", 25.81% of original size. Compressed Size 74011 bytes, Original Size 286742 bytes (order 268435456).
LogPakFile: Added compressed file "Engine/Content/Localization/Engine/ja/Engine.locres", 31.15% of original size. Compressed Size 136888 bytes, Original Size 439462 bytes (order 268435456).
LogPakFile: Added compressed file "Engine/Content/Localization/Engine/ko/Engine.locres", 31.63% of original size. Compressed Size 155126 bytes, Original Size 490494 bytes (order 268435456).
LogPakFile: Added compressed file "Engine/Content/Localization/Engine/pt-BR/Engine.locres", 26.05% of original size. Compressed Size 72729 bytes, Original Size 279146 bytes (order 268435456).
LogPakFile: Added compressed file "Engine/Content/Localization/Engine/zh-CN/Engine.locres", 33.01% of original size. Compressed Size 118578 bytes, Original Size 359226 bytes (order 268435456).
LogPakFile: Added compressed file "Engine/Plugins/Runtime/CriWare/CriWare/Content/Localization/en/CriWare.locres", 21.90% of original size. Compressed Size 6861 bytes, Original Size 31334 bytes (order 268435456).
LogPakFile: Added compressed file "Engine/Plugins/Runtime/CriWare/CriWare/Content/Localization/ja/CriWare.locres", 31.02% of original size. Compressed Size 3641 bytes, Original Size 11736 bytes (order 268435456).
LogPakFile: Display: Added 301 files, 21276587 bytes total, time 3.82s.
LogPakFile: Display: Compression summary: 33.35% of original size. Compressed Size 21184605 bytes, Original Size 63531196 bytes. 
LogPakFile: Display: Unreal pak executed in 3.845538 seconds
LogExit: Preparing to exit.
LogExit: Exiting.
Log file closed, 02/26/24 18:21:36
